<?xml version="1.0" encoding="UTF-8"?>
<testsuites>
  <testsuite name="/home/macumba/php/apiAnalesCiencia/phpunit.xml" tests="300" assertions="1446" errors="0" failures="0" skipped="0" time="5.890298">
    <testsuite name="TDW ACiencia API testing" tests="300" assertions="1446" errors="0" failures="0" skipped="0" time="5.890298">
      <testsuite name="TDW\Test\ACiencia\Auth\JwtAuthTest" file="/home/macumba/php/apiAnalesCiencia/tests/Auth/JwtAuthTest.php" tests="5" assertions="15" errors="0" failures="0" skipped="0" time="0.060799">
        <testcase name="testCreateJwt" file="/home/macumba/php/apiAnalesCiencia/tests/Auth/JwtAuthTest.php" line="63" class="TDW\Test\ACiencia\Auth\JwtAuthTest" classname="TDW.Test.ACiencia.Auth.JwtAuthTest" assertions="5" time="0.057865"/>
        <testcase name="testCreateParsedToken" file="/home/macumba/php/apiAnalesCiencia/tests/Auth/JwtAuthTest.php" line="87" class="TDW\Test\ACiencia\Auth\JwtAuthTest" classname="TDW.Test.ACiencia.Auth.JwtAuthTest" assertions="6" time="0.000352"/>
        <testcase name="testValidateTokenOK" file="/home/macumba/php/apiAnalesCiencia/tests/Auth/JwtAuthTest.php" line="107" class="TDW\Test\ACiencia\Auth\JwtAuthTest" classname="TDW.Test.ACiencia.Auth.JwtAuthTest" assertions="2" time="0.000877"/>
        <testcase name="testGetLifetime" file="/home/macumba/php/apiAnalesCiencia/tests/Auth/JwtAuthTest.php" line="52" class="TDW\Test\ACiencia\Auth\JwtAuthTest" classname="TDW.Test.ACiencia.Auth.JwtAuthTest" assertions="1" time="0.000335"/>
        <testcase name="testValidateTokenNotOk" file="/home/macumba/php/apiAnalesCiencia/tests/Auth/JwtAuthTest.php" line="116" class="TDW\Test\ACiencia\Auth\JwtAuthTest" classname="TDW.Test.ACiencia.Auth.JwtAuthTest" assertions="1" time="0.001370"/>
      </testsuite>
      <testsuite name="TDW\Test\ACiencia\Controller\Person\PersonRelationsControllerTest" file="/home/macumba/php/apiAnalesCiencia/tests/Controller/Person/PersonRelationsControllerTest.php" tests="28" assertions="143" errors="0" failures="0" skipped="0" time="0.893059">
        <testcase name="testAddProduct209" file="/home/macumba/php/apiAnalesCiencia/tests/Controller/Person/PersonRelationsControllerTest.php" line="230" class="TDW\Test\ACiencia\Controller\Person\PersonRelationsControllerTest" classname="TDW.Test.ACiencia.Controller.Person.PersonRelationsControllerTest" assertions="2" time="0.059326"/>
        <testcase name="testGetProducts200OkWithElements" file="/home/macumba/php/apiAnalesCiencia/tests/Controller/Person/PersonRelationsControllerTest.php" line="251" class="TDW\Test\ACiencia\Controller\Person\PersonRelationsControllerTest" classname="TDW.Test.ACiencia.Controller.Person.PersonRelationsControllerTest" assertions="4" time="0.046525"/>
        <testcase name="testGetEntitiesTag" file="/home/macumba/php/apiAnalesCiencia/tests/Controller/Person/PersonRelationsControllerTest.php" line="98" class="TDW\Test\ACiencia\Controller\Person\PersonRelationsControllerTest" classname="TDW.Test.ACiencia.Controller.Person.PersonRelationsControllerTest" assertions="1" time="0.000123"/>
        <testcase name="testOptionsRelationship204" file="/home/macumba/php/apiAnalesCiencia/tests/Controller/Person/PersonRelationsControllerTest.php" line="113" class="TDW\Test\ACiencia\Controller\Person\PersonRelationsControllerTest" classname="TDW.Test.ACiencia.Controller.Person.PersonRelationsControllerTest" assertions="6" time="0.001857"/>
        <testcase name="testRemoveProduct209" file="/home/macumba/php/apiAnalesCiencia/tests/Controller/Person/PersonRelationsControllerTest.php" line="278" class="TDW\Test\ACiencia\Controller\Person\PersonRelationsControllerTest" classname="TDW.Test.ACiencia.Controller.Person.PersonRelationsControllerTest" assertions="4" time="0.005117"/>
        <testcase name="testGetProducts200OkEmpty" file="/home/macumba/php/apiAnalesCiencia/tests/Controller/Person/PersonRelationsControllerTest.php" line="302" class="TDW\Test\ACiencia\Controller\Person\PersonRelationsControllerTest" classname="TDW.Test.ACiencia.Controller.Person.PersonRelationsControllerTest" assertions="4" time="0.001411"/>
        <testcase name="testAddEntity209" file="/home/macumba/php/apiAnalesCiencia/tests/Controller/Person/PersonRelationsControllerTest.php" line="136" class="TDW\Test\ACiencia\Controller\Person\PersonRelationsControllerTest" classname="TDW.Test.ACiencia.Controller.Person.PersonRelationsControllerTest" assertions="2" time="0.050756"/>
        <testcase name="testGetEntities200OkWithElements" file="/home/macumba/php/apiAnalesCiencia/tests/Controller/Person/PersonRelationsControllerTest.php" line="157" class="TDW\Test\ACiencia\Controller\Person\PersonRelationsControllerTest" classname="TDW.Test.ACiencia.Controller.Person.PersonRelationsControllerTest" assertions="4" time="0.048248"/>
        <testcase name="testRemoveEntity209" file="/home/macumba/php/apiAnalesCiencia/tests/Controller/Person/PersonRelationsControllerTest.php" line="184" class="TDW\Test\ACiencia\Controller\Person\PersonRelationsControllerTest" classname="TDW.Test.ACiencia.Controller.Person.PersonRelationsControllerTest" assertions="4" time="0.005486"/>
        <testcase name="testGetEntities200OkEmpty" file="/home/macumba/php/apiAnalesCiencia/tests/Controller/Person/PersonRelationsControllerTest.php" line="208" class="TDW\Test\ACiencia\Controller\Person\PersonRelationsControllerTest" classname="TDW.Test.ACiencia.Controller.Person.PersonRelationsControllerTest" assertions="4" time="0.001178"/>
        <testsuite name="TDW\Test\ACiencia\Controller\Person\PersonRelationsControllerTest::testPersonRelationshipErrors" tests="18" assertions="108" errors="0" failures="0" skipped="0" time="0.673031">
          <testcase name="testPersonRelationshipErrors with data set &quot;putRemoveEntity401&quot;" file="/home/macumba/php/apiAnalesCiencia/tests/Controller/Person/PersonRelationsControllerTest.php" line="327" class="TDW\Test\ACiencia\Controller\Person\PersonRelationsControllerTest" classname="TDW.Test.ACiencia.Controller.Person.PersonRelationsControllerTest" assertions="6" time="0.002172"/>
          <testcase name="testPersonRelationshipErrors with data set &quot;putAddEntity401&quot;" file="/home/macumba/php/apiAnalesCiencia/tests/Controller/Person/PersonRelationsControllerTest.php" line="327" class="TDW\Test\ACiencia\Controller\Person\PersonRelationsControllerTest" classname="TDW.Test.ACiencia.Controller.Person.PersonRelationsControllerTest" assertions="6" time="0.001921"/>
          <testcase name="testPersonRelationshipErrors with data set &quot;putAddProduct401&quot;" file="/home/macumba/php/apiAnalesCiencia/tests/Controller/Person/PersonRelationsControllerTest.php" line="327" class="TDW\Test\ACiencia\Controller\Person\PersonRelationsControllerTest" classname="TDW.Test.ACiencia.Controller.Person.PersonRelationsControllerTest" assertions="6" time="0.001955"/>
          <testcase name="testPersonRelationshipErrors with data set &quot;putAddEntity403&quot;" file="/home/macumba/php/apiAnalesCiencia/tests/Controller/Person/PersonRelationsControllerTest.php" line="327" class="TDW\Test\ACiencia\Controller\Person\PersonRelationsControllerTest" classname="TDW.Test.ACiencia.Controller.Person.PersonRelationsControllerTest" assertions="6" time="0.047435"/>
          <testcase name="testPersonRelationshipErrors with data set &quot;putRemoveEntity404&quot;" file="/home/macumba/php/apiAnalesCiencia/tests/Controller/Person/PersonRelationsControllerTest.php" line="327" class="TDW\Test\ACiencia\Controller\Person\PersonRelationsControllerTest" classname="TDW.Test.ACiencia.Controller.Person.PersonRelationsControllerTest" assertions="6" time="0.046968"/>
          <testcase name="testPersonRelationshipErrors with data set &quot;putRemoveProduct404&quot;" file="/home/macumba/php/apiAnalesCiencia/tests/Controller/Person/PersonRelationsControllerTest.php" line="327" class="TDW\Test\ACiencia\Controller\Person\PersonRelationsControllerTest" classname="TDW.Test.ACiencia.Controller.Person.PersonRelationsControllerTest" assertions="6" time="0.047110"/>
          <testcase name="testPersonRelationshipErrors with data set &quot;putAddProduct403&quot;" file="/home/macumba/php/apiAnalesCiencia/tests/Controller/Person/PersonRelationsControllerTest.php" line="327" class="TDW\Test\ACiencia\Controller\Person\PersonRelationsControllerTest" classname="TDW.Test.ACiencia.Controller.Person.PersonRelationsControllerTest" assertions="6" time="0.046641"/>
          <testcase name="testPersonRelationshipErrors with data set &quot;putRemoveProduct401&quot;" file="/home/macumba/php/apiAnalesCiencia/tests/Controller/Person/PersonRelationsControllerTest.php" line="327" class="TDW\Test\ACiencia\Controller\Person\PersonRelationsControllerTest" classname="TDW.Test.ACiencia.Controller.Person.PersonRelationsControllerTest" assertions="6" time="0.002614"/>
          <testcase name="testPersonRelationshipErrors with data set &quot;getProducts404&quot;" file="/home/macumba/php/apiAnalesCiencia/tests/Controller/Person/PersonRelationsControllerTest.php" line="327" class="TDW\Test\ACiencia\Controller\Person\PersonRelationsControllerTest" classname="TDW.Test.ACiencia.Controller.Person.PersonRelationsControllerTest" assertions="6" time="0.046754"/>
          <testcase name="testPersonRelationshipErrors with data set &quot;putRemoveProduct403&quot;" file="/home/macumba/php/apiAnalesCiencia/tests/Controller/Person/PersonRelationsControllerTest.php" line="327" class="TDW\Test\ACiencia\Controller\Person\PersonRelationsControllerTest" classname="TDW.Test.ACiencia.Controller.Person.PersonRelationsControllerTest" assertions="6" time="0.048859"/>
          <testcase name="testPersonRelationshipErrors with data set &quot;putAddEntity406&quot;" file="/home/macumba/php/apiAnalesCiencia/tests/Controller/Person/PersonRelationsControllerTest.php" line="327" class="TDW\Test\ACiencia\Controller\Person\PersonRelationsControllerTest" classname="TDW.Test.ACiencia.Controller.Person.PersonRelationsControllerTest" assertions="6" time="0.048161"/>
          <testcase name="testPersonRelationshipErrors with data set &quot;putAddProduct404&quot;" file="/home/macumba/php/apiAnalesCiencia/tests/Controller/Person/PersonRelationsControllerTest.php" line="327" class="TDW\Test\ACiencia\Controller\Person\PersonRelationsControllerTest" classname="TDW.Test.ACiencia.Controller.Person.PersonRelationsControllerTest" assertions="6" time="0.047864"/>
          <testcase name="testPersonRelationshipErrors with data set &quot;putAddEntity404&quot;" file="/home/macumba/php/apiAnalesCiencia/tests/Controller/Person/PersonRelationsControllerTest.php" line="327" class="TDW\Test\ACiencia\Controller\Person\PersonRelationsControllerTest" classname="TDW.Test.ACiencia.Controller.Person.PersonRelationsControllerTest" assertions="6" time="0.047289"/>
          <testcase name="testPersonRelationshipErrors with data set &quot;putRemoveEntity406&quot;" file="/home/macumba/php/apiAnalesCiencia/tests/Controller/Person/PersonRelationsControllerTest.php" line="327" class="TDW\Test\ACiencia\Controller\Person\PersonRelationsControllerTest" classname="TDW.Test.ACiencia.Controller.Person.PersonRelationsControllerTest" assertions="6" time="0.047851"/>
          <testcase name="testPersonRelationshipErrors with data set &quot;putRemoveProduct406&quot;" file="/home/macumba/php/apiAnalesCiencia/tests/Controller/Person/PersonRelationsControllerTest.php" line="327" class="TDW\Test\ACiencia\Controller\Person\PersonRelationsControllerTest" classname="TDW.Test.ACiencia.Controller.Person.PersonRelationsControllerTest" assertions="6" time="0.048040"/>
          <testcase name="testPersonRelationshipErrors with data set &quot;putAddProduct406&quot;" file="/home/macumba/php/apiAnalesCiencia/tests/Controller/Person/PersonRelationsControllerTest.php" line="327" class="TDW\Test\ACiencia\Controller\Person\PersonRelationsControllerTest" classname="TDW.Test.ACiencia.Controller.Person.PersonRelationsControllerTest" assertions="6" time="0.048120"/>
          <testcase name="testPersonRelationshipErrors with data set &quot;putRemoveEntity403&quot;" file="/home/macumba/php/apiAnalesCiencia/tests/Controller/Person/PersonRelationsControllerTest.php" line="327" class="TDW\Test\ACiencia\Controller\Person\PersonRelationsControllerTest" classname="TDW.Test.ACiencia.Controller.Person.PersonRelationsControllerTest" assertions="6" time="0.046847"/>
          <testcase name="testPersonRelationshipErrors with data set &quot;getEntities404&quot;" file="/home/macumba/php/apiAnalesCiencia/tests/Controller/Person/PersonRelationsControllerTest.php" line="327" class="TDW\Test\ACiencia\Controller\Person\PersonRelationsControllerTest" classname="TDW.Test.ACiencia.Controller.Person.PersonRelationsControllerTest" assertions="6" time="0.046431"/>
        </testsuite>
      </testsuite>
      <testsuite name="TDW\Test\ACiencia\Controller\Entity\EntityControllerTest" file="/home/macumba/php/apiAnalesCiencia/tests/Controller/Entity/EntityControllerTest.php" tests="24" assertions="130" errors="0" failures="0" skipped="0" time="0.244031">
        <testsuite name="TDW\Test\ACiencia\Controller\Entity\EntityControllerTest::testEntityStatus401Unauthorized" tests="3" assertions="18" errors="0" failures="0" skipped="0" time="0.003880">
          <testcase name="testEntityStatus401Unauthorized with data set &quot;putAction401&quot;" file="/home/macumba/php/apiAnalesCiencia/tests/Controller/Entity/EntityControllerTest.php" line="493" class="TDW\Test\ACiencia\Controller\Entity\EntityControllerTest" classname="TDW.Test.ACiencia.Controller.Entity.EntityControllerTest" assertions="6" time="0.001388"/>
          <testcase name="testEntityStatus401Unauthorized with data set &quot;deleteAction401&quot;" file="/home/macumba/php/apiAnalesCiencia/tests/Controller/Entity/EntityControllerTest.php" line="493" class="TDW\Test\ACiencia\Controller\Entity\EntityControllerTest" classname="TDW.Test.ACiencia.Controller.Entity.EntityControllerTest" assertions="6" time="0.001278"/>
          <testcase name="testEntityStatus401Unauthorized with data set &quot;postAction401&quot;" file="/home/macumba/php/apiAnalesCiencia/tests/Controller/Entity/EntityControllerTest.php" line="493" class="TDW\Test\ACiencia\Controller\Entity\EntityControllerTest" classname="TDW.Test.ACiencia.Controller.Entity.EntityControllerTest" assertions="6" time="0.001215"/>
        </testsuite>
        <testcase name="testOptionsEntity204NoContent" file="/home/macumba/php/apiAnalesCiencia/tests/Controller/Entity/EntityControllerTest.php" line="396" class="TDW\Test\ACiencia\Controller\Entity\EntityControllerTest" classname="TDW.Test.ACiencia.Controller.Entity.EntityControllerTest" assertions="6" time="0.004128"/>
        <testcase name="testCGetEntities404NotFound" file="/home/macumba/php/apiAnalesCiencia/tests/Controller/Entity/EntityControllerTest.php" line="78" class="TDW\Test\ACiencia\Controller\Entity\EntityControllerTest" classname="TDW.Test.ACiencia.Controller.Entity.EntityControllerTest" assertions="6" time="0.047818"/>
        <testcase name="testPostEntity201Created" file="/home/macumba/php/apiAnalesCiencia/tests/Controller/Entity/EntityControllerTest.php" line="98" class="TDW\Test\ACiencia\Controller\Entity\EntityControllerTest" classname="TDW.Test.ACiencia.Controller.Entity.EntityControllerTest" assertions="9" time="0.006601"/>
        <testcase name="testPostEntity400BadRequest" file="/home/macumba/php/apiAnalesCiencia/tests/Controller/Entity/EntityControllerTest.php" line="158" class="TDW\Test\ACiencia\Controller\Entity\EntityControllerTest" classname="TDW.Test.ACiencia.Controller.Entity.EntityControllerTest" assertions="6" time="0.001879"/>
        <testcase name="testCGetEntities200Ok" file="/home/macumba/php/apiAnalesCiencia/tests/Controller/Entity/EntityControllerTest.php" line="181" class="TDW\Test\ACiencia\Controller\Entity\EntityControllerTest" classname="TDW.Test.ACiencia.Controller.Entity.EntityControllerTest" assertions="7" time="0.001427"/>
        <testcase name="testCGetEntities304NotModified" file="/home/macumba/php/apiAnalesCiencia/tests/Controller/Entity/EntityControllerTest.php" line="209" class="TDW\Test\ACiencia\Controller\Entity\EntityControllerTest" classname="TDW.Test.ACiencia.Controller.Entity.EntityControllerTest" assertions="1" time="0.001134"/>
        <testcase name="testGetEntityname204NoContent" file="/home/macumba/php/apiAnalesCiencia/tests/Controller/Entity/EntityControllerTest.php" line="284" class="TDW\Test\ACiencia\Controller\Entity\EntityControllerTest" classname="TDW.Test.ACiencia.Controller.Entity.EntityControllerTest" assertions="2" time="0.001121"/>
        <testcase name="testPostEntity422UnprocessableEntity" file="/home/macumba/php/apiAnalesCiencia/tests/Controller/Entity/EntityControllerTest.php" line="134" class="TDW\Test\ACiencia\Controller\Entity\EntityControllerTest" classname="TDW.Test.ACiencia.Controller.Entity.EntityControllerTest" assertions="6" time="0.001573"/>
        <testcase name="testGetEntity200Ok" file="/home/macumba/php/apiAnalesCiencia/tests/Controller/Entity/EntityControllerTest.php" line="233" class="TDW\Test\ACiencia\Controller\Entity\EntityControllerTest" classname="TDW.Test.ACiencia.Controller.Entity.EntityControllerTest" assertions="4" time="0.001020"/>
        <testcase name="testGetEntity304NotModified" file="/home/macumba/php/apiAnalesCiencia/tests/Controller/Entity/EntityControllerTest.php" line="261" class="TDW\Test\ACiencia\Controller\Entity\EntityControllerTest" classname="TDW.Test.ACiencia.Controller.Entity.EntityControllerTest" assertions="1" time="0.001030"/>
        <testcase name="testPutEntity209Updated" file="/home/macumba/php/apiAnalesCiencia/tests/Controller/Entity/EntityControllerTest.php" line="308" class="TDW\Test\ACiencia\Controller\Entity\EntityControllerTest" classname="TDW.Test.ACiencia.Controller.Entity.EntityControllerTest" assertions="8" time="0.008120"/>
        <testcase name="testPutEntity428PreconditionRequired" file="/home/macumba/php/apiAnalesCiencia/tests/Controller/Entity/EntityControllerTest.php" line="382" class="TDW\Test\ACiencia\Controller\Entity\EntityControllerTest" classname="TDW.Test.ACiencia.Controller.Entity.EntityControllerTest" assertions="6" time="0.002053"/>
        <testcase name="testPutEntity400BadRequest" file="/home/macumba/php/apiAnalesCiencia/tests/Controller/Entity/EntityControllerTest.php" line="347" class="TDW\Test\ACiencia\Controller\Entity\EntityControllerTest" classname="TDW.Test.ACiencia.Controller.Entity.EntityControllerTest" assertions="6" time="0.007267"/>
        <testcase name="testDeleteEntity204NoContent" file="/home/macumba/php/apiAnalesCiencia/tests/Controller/Entity/EntityControllerTest.php" line="428" class="TDW\Test\ACiencia\Controller\Entity\EntityControllerTest" classname="TDW.Test.ACiencia.Controller.Entity.EntityControllerTest" assertions="2" time="0.004613"/>
        <testsuite name="TDW\Test\ACiencia\Controller\Entity\EntityControllerTest::testEntityStatus404NotFound" tests="3" assertions="18" errors="0" failures="0" skipped="0" time="0.005635">
          <testcase name="testEntityStatus404NotFound with data set &quot;deleteAction404&quot;" file="/home/macumba/php/apiAnalesCiencia/tests/Controller/Entity/EntityControllerTest.php" line="469" class="TDW\Test\ACiencia\Controller\Entity\EntityControllerTest" classname="TDW.Test.ACiencia.Controller.Entity.EntityControllerTest" assertions="6" time="0.001760"/>
          <testcase name="testEntityStatus404NotFound with data set &quot;getAction404&quot;" file="/home/macumba/php/apiAnalesCiencia/tests/Controller/Entity/EntityControllerTest.php" line="469" class="TDW\Test\ACiencia\Controller\Entity\EntityControllerTest" classname="TDW.Test.ACiencia.Controller.Entity.EntityControllerTest" assertions="6" time="0.001286"/>
          <testcase name="testEntityStatus404NotFound with data set &quot;putAction404&quot;" file="/home/macumba/php/apiAnalesCiencia/tests/Controller/Entity/EntityControllerTest.php" line="469" class="TDW\Test\ACiencia\Controller\Entity\EntityControllerTest" classname="TDW.Test.ACiencia.Controller.Entity.EntityControllerTest" assertions="6" time="0.002589"/>
        </testsuite>
        <testcase name="testGetEntityname404NotFound" file="/home/macumba/php/apiAnalesCiencia/tests/Controller/Entity/EntityControllerTest.php" line="449" class="TDW\Test\ACiencia\Controller\Entity\EntityControllerTest" classname="TDW.Test.ACiencia.Controller.Entity.EntityControllerTest" assertions="6" time="0.001471"/>
        <testsuite name="TDW\Test\ACiencia\Controller\Entity\EntityControllerTest::testEntitiestatus403Forbidden" tests="3" assertions="18" errors="0" failures="0" skipped="0" time="0.143261">
          <testcase name="testEntitiestatus403Forbidden with data set &quot;postAction403&quot;" file="/home/macumba/php/apiAnalesCiencia/tests/Controller/Entity/EntityControllerTest.php" line="514" class="TDW\Test\ACiencia\Controller\Entity\EntityControllerTest" classname="TDW.Test.ACiencia.Controller.Entity.EntityControllerTest" assertions="6" time="0.049219"/>
          <testcase name="testEntitiestatus403Forbidden with data set &quot;deleteAction403&quot;" file="/home/macumba/php/apiAnalesCiencia/tests/Controller/Entity/EntityControllerTest.php" line="514" class="TDW\Test\ACiencia\Controller\Entity\EntityControllerTest" classname="TDW.Test.ACiencia.Controller.Entity.EntityControllerTest" assertions="6" time="0.047226"/>
          <testcase name="testEntitiestatus403Forbidden with data set &quot;putAction403&quot;" file="/home/macumba/php/apiAnalesCiencia/tests/Controller/Entity/EntityControllerTest.php" line="514" class="TDW\Test\ACiencia\Controller\Entity\EntityControllerTest" classname="TDW.Test.ACiencia.Controller.Entity.EntityControllerTest" assertions="6" time="0.046815"/>
        </testsuite>
      </testsuite>
      <testsuite name="TDW\Test\ACiencia\Entity\AssociationTest" file="/home/macumba/php/apiAnalesCiencia/tests/Entity/AssociationTest.php" tests="11" assertions="21" errors="0" failures="0" skipped="0" time="0.001422">
        <testcase name="testGetSetWebsiteUrl" file="/home/macumba/php/apiAnalesCiencia/tests/Entity/AssociationTest.php" line="88" class="TDW\Test\ACiencia\Entity\AssociationTest" classname="TDW.Test.ACiencia.Entity.AssociationTest" assertions="1" time="0.000129"/>
        <testcase name="testGetSetDeathDate" file="/home/macumba/php/apiAnalesCiencia/tests/Entity/AssociationTest.php" line="67" class="TDW\Test\ACiencia\Entity\AssociationTest" classname="TDW.Test.ACiencia.Entity.AssociationTest" assertions="1" time="0.000092"/>
        <testcase name="testGetSetImageUrl" file="/home/macumba/php/apiAnalesCiencia/tests/Entity/AssociationTest.php" line="74" class="TDW\Test\ACiencia\Entity\AssociationTest" classname="TDW.Test.ACiencia.Entity.AssociationTest" assertions="1" time="0.000152"/>
        <testcase name="testJsonSerialize" file="/home/macumba/php/apiAnalesCiencia/tests/Entity/AssociationTest.php" line="124" class="TDW\Test\ACiencia\Entity\AssociationTest" classname="TDW.Test.ACiencia.Entity.AssociationTest" assertions="1" time="0.000166"/>
        <testcase name="testToString" file="/home/macumba/php/apiAnalesCiencia/tests/Entity/AssociationTest.php" line="116" class="TDW\Test\ACiencia\Entity\AssociationTest" classname="TDW.Test.ACiencia.Entity.AssociationTest" assertions="2" time="0.000085"/>
        <testcase name="testGetAddContainsRemoveEntities" file="/home/macumba/php/apiAnalesCiencia/tests/Entity/AssociationTest.php" line="95" class="TDW\Test\ACiencia\Entity\AssociationTest" classname="TDW.Test.ACiencia.Entity.AssociationTest" assertions="6" time="0.000207"/>
        <testcase name="testGetId" file="/home/macumba/php/apiAnalesCiencia/tests/Entity/AssociationTest.php" line="48" class="TDW\Test\ACiencia\Entity\AssociationTest" classname="TDW.Test.ACiencia.Entity.AssociationTest" assertions="1" time="0.000092"/>
        <testcase name="testGetSetAssociationName" file="/home/macumba/php/apiAnalesCiencia/tests/Entity/AssociationTest.php" line="53" class="TDW\Test\ACiencia\Entity\AssociationTest" classname="TDW.Test.ACiencia.Entity.AssociationTest" assertions="1" time="0.000104"/>
        <testcase name="testConstructor" file="/home/macumba/php/apiAnalesCiencia/tests/Entity/AssociationTest.php" line="36" class="TDW\Test\ACiencia\Entity\AssociationTest" classname="TDW.Test.ACiencia.Entity.AssociationTest" assertions="5" time="0.000153"/>
        <testcase name="testGetSetBirthDate" file="/home/macumba/php/apiAnalesCiencia/tests/Entity/AssociationTest.php" line="60" class="TDW\Test\ACiencia\Entity\AssociationTest" classname="TDW.Test.ACiencia.Entity.AssociationTest" assertions="1" time="0.000088"/>
        <testcase name="testGetSetWikiUrl" file="/home/macumba/php/apiAnalesCiencia/tests/Entity/AssociationTest.php" line="81" class="TDW\Test\ACiencia\Entity\AssociationTest" classname="TDW.Test.ACiencia.Entity.AssociationTest" assertions="1" time="0.000153"/>
      </testsuite>
      <testsuite name="TDW\Test\ACiencia\Controller\User\UserControllerTest" file="/home/macumba/php/apiAnalesCiencia/tests/Controller/User/UserControllerTest.php" tests="28" assertions="167" errors="0" failures="0" skipped="0" time="0.327649">
        <testcase name="testPostUser201Created" file="/home/macumba/php/apiAnalesCiencia/tests/Controller/User/UserControllerTest.php" line="100" class="TDW\Test\ACiencia\Controller\User\UserControllerTest" classname="TDW.Test.ACiencia.Controller.User.UserControllerTest" assertions="7" time="0.091888"/>
        <testcase name="testCGetAllUsers200Ok" file="/home/macumba/php/apiAnalesCiencia/tests/Controller/User/UserControllerTest.php" line="202" class="TDW\Test\ACiencia\Controller\User\UserControllerTest" classname="TDW.Test.ACiencia.Controller.User.UserControllerTest" assertions="6" time="0.002131"/>
        <testcase name="testCGetAllUsers304NotModified" file="/home/macumba/php/apiAnalesCiencia/tests/Controller/User/UserControllerTest.php" line="229" class="TDW\Test\ACiencia\Controller\User\UserControllerTest" classname="TDW.Test.ACiencia.Controller.User.UserControllerTest" assertions="1" time="0.002361"/>
        <testcase name="testGetUser200Ok" file="/home/macumba/php/apiAnalesCiencia/tests/Controller/User/UserControllerTest.php" line="253" class="TDW\Test\ACiencia\Controller\User\UserControllerTest" classname="TDW.Test.ACiencia.Controller.User.UserControllerTest" assertions="4" time="0.003246"/>
        <testcase name="testGetUsername204NoContent" file="/home/macumba/php/apiAnalesCiencia/tests/Controller/User/UserControllerTest.php" line="312" class="TDW\Test\ACiencia\Controller\User\UserControllerTest" classname="TDW.Test.ACiencia.Controller.User.UserControllerTest" assertions="2" time="0.001349"/>
        <testcase name="testPostUser400BadRequest" file="/home/macumba/php/apiAnalesCiencia/tests/Controller/User/UserControllerTest.php" line="162" class="TDW\Test\ACiencia\Controller\User\UserControllerTest" classname="TDW.Test.ACiencia.Controller.User.UserControllerTest" assertions="12" time="0.002274"/>
        <testcase name="testGetUser304NotModified" file="/home/macumba/php/apiAnalesCiencia/tests/Controller/User/UserControllerTest.php" line="286" class="TDW\Test\ACiencia\Controller\User\UserControllerTest" classname="TDW.Test.ACiencia.Controller.User.UserControllerTest" assertions="1" time="0.001544"/>
        <testcase name="testPutUser209Updated" file="/home/macumba/php/apiAnalesCiencia/tests/Controller/User/UserControllerTest.php" line="341" class="TDW\Test\ACiencia\Controller\User\UserControllerTest" classname="TDW.Test.ACiencia.Controller.User.UserControllerTest" assertions="6" time="0.046931"/>
        <testcase name="testPutUser428PreconditionRequired" file="/home/macumba/php/apiAnalesCiencia/tests/Controller/User/UserControllerTest.php" line="416" class="TDW\Test\ACiencia\Controller\User\UserControllerTest" classname="TDW.Test.ACiencia.Controller.User.UserControllerTest" assertions="6" time="0.002546"/>
        <testcase name="testPutUser400BadRequest" file="/home/macumba/php/apiAnalesCiencia/tests/Controller/User/UserControllerTest.php" line="381" class="TDW\Test\ACiencia\Controller\User\UserControllerTest" classname="TDW.Test.ACiencia.Controller.User.UserControllerTest" assertions="18" time="0.054537"/>
        <testcase name="testDeleteUser204NoContent" file="/home/macumba/php/apiAnalesCiencia/tests/Controller/User/UserControllerTest.php" line="438" class="TDW\Test\ACiencia\Controller\User\UserControllerTest" classname="TDW.Test.ACiencia.Controller.User.UserControllerTest" assertions="2" time="0.005549"/>
        <testsuite name="TDW\Test\ACiencia\Controller\User\UserControllerTest::testUserStatus404NotFound" tests="3" assertions="18" errors="0" failures="0" skipped="0" time="0.005974">
          <testcase name="testUserStatus404NotFound with data set &quot;getAction404&quot;" file="/home/macumba/php/apiAnalesCiencia/tests/Controller/User/UserControllerTest.php" line="499" class="TDW\Test\ACiencia\Controller\User\UserControllerTest" classname="TDW.Test.ACiencia.Controller.User.UserControllerTest" assertions="6" time="0.002063"/>
          <testcase name="testUserStatus404NotFound with data set &quot;putAction404&quot;" file="/home/macumba/php/apiAnalesCiencia/tests/Controller/User/UserControllerTest.php" line="499" class="TDW\Test\ACiencia\Controller\User\UserControllerTest" classname="TDW.Test.ACiencia.Controller.User.UserControllerTest" assertions="6" time="0.002044"/>
          <testcase name="testUserStatus404NotFound with data set &quot;deleteAction404&quot;" file="/home/macumba/php/apiAnalesCiencia/tests/Controller/User/UserControllerTest.php" line="499" class="TDW\Test\ACiencia\Controller\User\UserControllerTest" classname="TDW.Test.ACiencia.Controller.User.UserControllerTest" assertions="6" time="0.001866"/>
        </testsuite>
        <testcase name="testOptionsUser204NoContent" file="/home/macumba/php/apiAnalesCiencia/tests/Controller/User/UserControllerTest.php" line="73" class="TDW\Test\ACiencia\Controller\User\UserControllerTest" classname="TDW.Test.ACiencia.Controller.User.UserControllerTest" assertions="6" time="0.001714"/>
        <testcase name="testGetUsername404NotFound" file="/home/macumba/php/apiAnalesCiencia/tests/Controller/User/UserControllerTest.php" line="459" class="TDW\Test\ACiencia\Controller\User\UserControllerTest" classname="TDW.Test.ACiencia.Controller.User.UserControllerTest" assertions="6" time="0.001113"/>
        <testsuite name="TDW\Test\ACiencia\Controller\User\UserControllerTest::testUserStatus403Forbidden" tests="2" assertions="12" errors="0" failures="0" skipped="0" time="0.093720">
          <testcase name="testUserStatus403Forbidden with data set &quot;putAction403&quot;" file="/home/macumba/php/apiAnalesCiencia/tests/Controller/User/UserControllerTest.php" line="520" class="TDW\Test\ACiencia\Controller\User\UserControllerTest" classname="TDW.Test.ACiencia.Controller.User.UserControllerTest" assertions="6" time="0.046879"/>
          <testcase name="testUserStatus403Forbidden with data set &quot;deleteAction403&quot;" file="/home/macumba/php/apiAnalesCiencia/tests/Controller/User/UserControllerTest.php" line="520" class="TDW\Test\ACiencia\Controller\User\UserControllerTest" classname="TDW.Test.ACiencia.Controller.User.UserControllerTest" assertions="6" time="0.046841"/>
        </testsuite>
        <testsuite name="TDW\Test\ACiencia\Controller\User\UserControllerTest::testUserStatus401Unauthorized" tests="4" assertions="24" errors="0" failures="0" skipped="0" time="0.004889">
          <testcase name="testUserStatus401Unauthorized with data set &quot;putAction401&quot;" file="/home/macumba/php/apiAnalesCiencia/tests/Controller/User/UserControllerTest.php" line="479" class="TDW\Test\ACiencia\Controller\User\UserControllerTest" classname="TDW.Test.ACiencia.Controller.User.UserControllerTest" assertions="6" time="0.001138"/>
          <testcase name="testUserStatus401Unauthorized with data set &quot;deleteAction401&quot;" file="/home/macumba/php/apiAnalesCiencia/tests/Controller/User/UserControllerTest.php" line="479" class="TDW\Test\ACiencia\Controller\User\UserControllerTest" classname="TDW.Test.ACiencia.Controller.User.UserControllerTest" assertions="6" time="0.001269"/>
          <testcase name="testUserStatus401Unauthorized with data set &quot;cgetAction401&quot;" file="/home/macumba/php/apiAnalesCiencia/tests/Controller/User/UserControllerTest.php" line="479" class="TDW\Test\ACiencia\Controller\User\UserControllerTest" classname="TDW.Test.ACiencia.Controller.User.UserControllerTest" assertions="6" time="0.001169"/>
          <testcase name="testUserStatus401Unauthorized with data set &quot;getAction401&quot;" file="/home/macumba/php/apiAnalesCiencia/tests/Controller/User/UserControllerTest.php" line="479" class="TDW\Test\ACiencia\Controller\User\UserControllerTest" classname="TDW.Test.ACiencia.Controller.User.UserControllerTest" assertions="6" time="0.001313"/>
        </testsuite>
        <testsuite name="TDW\Test\ACiencia\Controller\User\UserControllerTest::testPostUser422UnprocessableEntity" tests="6" assertions="36" errors="0" failures="0" skipped="0" time="0.005884">
          <testcase name="testPostUser422UnprocessableEntity with data set &quot;no_em_pa&quot;" file="/home/macumba/php/apiAnalesCiencia/tests/Controller/User/UserControllerTest.php" line="139" class="TDW\Test\ACiencia\Controller\User\UserControllerTest" classname="TDW.Test.ACiencia.Controller.User.UserControllerTest" assertions="6" time="0.001006"/>
          <testcase name="testPostUser422UnprocessableEntity with data set &quot;no_us_pa&quot;" file="/home/macumba/php/apiAnalesCiencia/tests/Controller/User/UserControllerTest.php" line="139" class="TDW\Test\ACiencia\Controller\User\UserControllerTest" classname="TDW.Test.ACiencia.Controller.User.UserControllerTest" assertions="6" time="0.000952"/>
          <testcase name="testPostUser422UnprocessableEntity with data set &quot;no_username&quot;" file="/home/macumba/php/apiAnalesCiencia/tests/Controller/User/UserControllerTest.php" line="139" class="TDW\Test\ACiencia\Controller\User\UserControllerTest" classname="TDW.Test.ACiencia.Controller.User.UserControllerTest" assertions="6" time="0.000921"/>
          <testcase name="testPostUser422UnprocessableEntity with data set &quot;no_passwd&quot;" file="/home/macumba/php/apiAnalesCiencia/tests/Controller/User/UserControllerTest.php" line="139" class="TDW\Test\ACiencia\Controller\User\UserControllerTest" classname="TDW.Test.ACiencia.Controller.User.UserControllerTest" assertions="6" time="0.000956"/>
          <testcase name="testPostUser422UnprocessableEntity with data set &quot;empty_data&quot;" file="/home/macumba/php/apiAnalesCiencia/tests/Controller/User/UserControllerTest.php" line="139" class="TDW\Test\ACiencia\Controller\User\UserControllerTest" classname="TDW.Test.ACiencia.Controller.User.UserControllerTest" assertions="6" time="0.000972"/>
          <testcase name="testPostUser422UnprocessableEntity with data set &quot;no_email&quot;" file="/home/macumba/php/apiAnalesCiencia/tests/Controller/User/UserControllerTest.php" line="139" class="TDW\Test\ACiencia\Controller\User\UserControllerTest" classname="TDW.Test.ACiencia.Controller.User.UserControllerTest" assertions="6" time="0.001077"/>
        </testsuite>
      </testsuite>
      <testsuite name="TDW\Test\ACiencia\Controller\Login\LoginControllerTest" file="/home/macumba/php/apiAnalesCiencia/tests/Controller/Login/LoginControllerTest.php" tests="20" assertions="118" errors="0" failures="0" skipped="0" time="0.604986">
        <testcase name="testPostLogin200OkApplicationJson" file="/home/macumba/php/apiAnalesCiencia/tests/Controller/Login/LoginControllerTest.php" line="149" class="TDW\Test\ACiencia\Controller\Login\LoginControllerTest" classname="TDW.Test.ACiencia.Controller.Login.LoginControllerTest" assertions="7" time="0.046188"/>
        <testcase name="testOptionsUser204NoContent" file="/home/macumba/php/apiAnalesCiencia/tests/Controller/Login/LoginControllerTest.php" line="79" class="TDW\Test\ACiencia\Controller\Login\LoginControllerTest" classname="TDW.Test.ACiencia.Controller.Login.LoginControllerTest" assertions="3" time="0.001372"/>
        <testsuite name="TDW\Test\ACiencia\Controller\Login\LoginControllerTest::testPostLogin404NotFound" tests="6" assertions="24" errors="0" failures="0" skipped="0" time="0.007740">
          <testcase name="testPostLogin404NotFound with data set &quot;no_password&quot;" file="/home/macumba/php/apiAnalesCiencia/tests/Controller/Login/LoginControllerTest.php" line="99" class="TDW\Test\ACiencia\Controller\Login\LoginControllerTest" classname="TDW.Test.ACiencia.Controller.Login.LoginControllerTest" assertions="4" time="0.001336"/>
          <testcase name="testPostLogin404NotFound with data set &quot;incorrect_passwd&quot;" file="/home/macumba/php/apiAnalesCiencia/tests/Controller/Login/LoginControllerTest.php" line="99" class="TDW\Test\ACiencia\Controller\Login\LoginControllerTest" classname="TDW.Test.ACiencia.Controller.Login.LoginControllerTest" assertions="4" time="0.001798"/>
          <testcase name="testPostLogin404NotFound with data set &quot;empty_user&quot;" file="/home/macumba/php/apiAnalesCiencia/tests/Controller/Login/LoginControllerTest.php" line="99" class="TDW\Test\ACiencia\Controller\Login\LoginControllerTest" classname="TDW.Test.ACiencia.Controller.Login.LoginControllerTest" assertions="4" time="0.001194"/>
          <testcase name="testPostLogin404NotFound with data set &quot;no_data&quot;" file="/home/macumba/php/apiAnalesCiencia/tests/Controller/Login/LoginControllerTest.php" line="99" class="TDW\Test\ACiencia\Controller\Login\LoginControllerTest" classname="TDW.Test.ACiencia.Controller.Login.LoginControllerTest" assertions="4" time="0.001101"/>
          <testcase name="testPostLogin404NotFound with data set &quot;incorrect_username&quot;" file="/home/macumba/php/apiAnalesCiencia/tests/Controller/Login/LoginControllerTest.php" line="99" class="TDW\Test\ACiencia\Controller\Login\LoginControllerTest" classname="TDW.Test.ACiencia.Controller.Login.LoginControllerTest" assertions="4" time="0.001323"/>
          <testcase name="testPostLogin404NotFound with data set &quot;no_username&quot;" file="/home/macumba/php/apiAnalesCiencia/tests/Controller/Login/LoginControllerTest.php" line="99" class="TDW\Test\ACiencia\Controller\Login\LoginControllerTest" classname="TDW.Test.ACiencia.Controller.Login.LoginControllerTest" assertions="4" time="0.000987"/>
        </testsuite>
        <testcase name="testPostLogin200OkUrlEncoded" file="/home/macumba/php/apiAnalesCiencia/tests/Controller/Login/LoginControllerTest.php" line="121" class="TDW\Test\ACiencia\Controller\Login\LoginControllerTest" classname="TDW.Test.ACiencia.Controller.Login.LoginControllerTest" assertions="7" time="0.045506"/>
        <testsuite name="TDW\Test\ACiencia\Controller\Login\LoginControllerTest::testLoginWithScopes200Ok" tests="11" assertions="77" errors="0" failures="0" skipped="0" time="0.504180">
          <testcase name="testLoginWithScopes200Ok with data set &quot;writer rw r&quot;" file="/home/macumba/php/apiAnalesCiencia/tests/Controller/Login/LoginControllerTest.php" line="181" class="TDW\Test\ACiencia\Controller\Login\LoginControllerTest" classname="TDW.Test.ACiencia.Controller.Login.LoginControllerTest" assertions="7" time="0.045705"/>
          <testcase name="testLoginWithScopes200Ok with data set &quot;writer -- r&quot;" file="/home/macumba/php/apiAnalesCiencia/tests/Controller/Login/LoginControllerTest.php" line="181" class="TDW\Test\ACiencia\Controller\Login\LoginControllerTest" classname="TDW.Test.ACiencia.Controller.Login.LoginControllerTest" assertions="7" time="0.046014"/>
          <testcase name="testLoginWithScopes200Ok with data set &quot;writer -w r&quot;" file="/home/macumba/php/apiAnalesCiencia/tests/Controller/Login/LoginControllerTest.php" line="181" class="TDW\Test\ACiencia\Controller\Login\LoginControllerTest" classname="TDW.Test.ACiencia.Controller.Login.LoginControllerTest" assertions="7" time="0.046140"/>
          <testcase name="testLoginWithScopes200Ok with data set &quot;reader -- r&quot;" file="/home/macumba/php/apiAnalesCiencia/tests/Controller/Login/LoginControllerTest.php" line="181" class="TDW\Test\ACiencia\Controller\Login\LoginControllerTest" classname="TDW.Test.ACiencia.Controller.Login.LoginControllerTest" assertions="7" time="0.045799"/>
          <testcase name="testLoginWithScopes200Ok with data set &quot;writer rw w&quot;" file="/home/macumba/php/apiAnalesCiencia/tests/Controller/Login/LoginControllerTest.php" line="181" class="TDW\Test\ACiencia\Controller\Login\LoginControllerTest" classname="TDW.Test.ACiencia.Controller.Login.LoginControllerTest" assertions="7" time="0.045591"/>
          <testcase name="testLoginWithScopes200Ok with data set &quot;writer -- w&quot;" file="/home/macumba/php/apiAnalesCiencia/tests/Controller/Login/LoginControllerTest.php" line="181" class="TDW\Test\ACiencia\Controller\Login\LoginControllerTest" classname="TDW.Test.ACiencia.Controller.Login.LoginControllerTest" assertions="7" time="0.045637"/>
          <testcase name="testLoginWithScopes200Ok with data set &quot;writer -w w&quot;" file="/home/macumba/php/apiAnalesCiencia/tests/Controller/Login/LoginControllerTest.php" line="181" class="TDW\Test\ACiencia\Controller\Login\LoginControllerTest" classname="TDW.Test.ACiencia.Controller.Login.LoginControllerTest" assertions="7" time="0.045517"/>
          <testcase name="testLoginWithScopes200Ok with data set &quot;reader rw r&quot;" file="/home/macumba/php/apiAnalesCiencia/tests/Controller/Login/LoginControllerTest.php" line="181" class="TDW\Test\ACiencia\Controller\Login\LoginControllerTest" classname="TDW.Test.ACiencia.Controller.Login.LoginControllerTest" assertions="7" time="0.045822"/>
          <testcase name="testLoginWithScopes200Ok with data set &quot;reader r- r&quot;" file="/home/macumba/php/apiAnalesCiencia/tests/Controller/Login/LoginControllerTest.php" line="181" class="TDW\Test\ACiencia\Controller\Login\LoginControllerTest" classname="TDW.Test.ACiencia.Controller.Login.LoginControllerTest" assertions="7" time="0.046053"/>
          <testcase name="testLoginWithScopes200Ok with data set &quot;reader -w r&quot;" file="/home/macumba/php/apiAnalesCiencia/tests/Controller/Login/LoginControllerTest.php" line="181" class="TDW\Test\ACiencia\Controller\Login\LoginControllerTest" classname="TDW.Test.ACiencia.Controller.Login.LoginControllerTest" assertions="7" time="0.045948"/>
          <testcase name="testLoginWithScopes200Ok with data set &quot;writer r- r&quot;" file="/home/macumba/php/apiAnalesCiencia/tests/Controller/Login/LoginControllerTest.php" line="181" class="TDW\Test\ACiencia\Controller\Login\LoginControllerTest" classname="TDW.Test.ACiencia.Controller.Login.LoginControllerTest" assertions="7" time="0.045954"/>
        </testsuite>
      </testsuite>
      <testsuite name="TDW\Test\ACiencia\Entity\UserTest" file="/home/macumba/php/apiAnalesCiencia/tests/Entity/UserTest.php" tests="10" assertions="42" errors="0" failures="0" skipped="0" time="0.249643">
        <testcase name="testGetId" file="/home/macumba/php/apiAnalesCiencia/tests/Entity/UserTest.php" line="62" class="TDW\Test\ACiencia\Entity\UserTest" classname="TDW.Test.ACiencia.Entity.UserTest" assertions="1" time="0.000193"/>
        <testcase name="testConstructorOK" file="/home/macumba/php/apiAnalesCiencia/tests/Entity/UserTest.php" line="42" class="TDW\Test\ACiencia\Entity\UserTest" classname="TDW.Test.ACiencia.Entity.UserTest" assertions="6" time="0.082726"/>
        <testcase name="testGetSetEmail" file="/home/macumba/php/apiAnalesCiencia/tests/Entity/UserTest.php" line="77" class="TDW\Test\ACiencia\Entity\UserTest" classname="TDW.Test.ACiencia.Entity.UserTest" assertions="2" time="0.000237"/>
        <testcase name="testRoleExpectInvalidArgumentException" file="/home/macumba/php/apiAnalesCiencia/tests/Entity/UserTest.php" line="117" class="TDW\Test\ACiencia\Entity\UserTest" classname="TDW.Test.ACiencia.Entity.UserTest" assertions="1" time="0.000174"/>
        <testcase name="testConstructorInvalidArgumentException" file="/home/macumba/php/apiAnalesCiencia/tests/Entity/UserTest.php" line="56" class="TDW\Test\ACiencia\Entity\UserTest" classname="TDW.Test.ACiencia.Entity.UserTest" assertions="1" time="0.041870"/>
        <testcase name="testJsonSerialize" file="/home/macumba/php/apiAnalesCiencia/tests/Entity/UserTest.php" line="140" class="TDW\Test\ACiencia\Entity\UserTest" classname="TDW.Test.ACiencia.Entity.UserTest" assertions="4" time="0.000184"/>
        <testcase name="testGetSetUsername" file="/home/macumba/php/apiAnalesCiencia/tests/Entity/UserTest.php" line="68" class="TDW\Test\ACiencia\Entity\UserTest" classname="TDW.Test.ACiencia.Entity.UserTest" assertions="3" time="0.000194"/>
        <testcase name="testToString" file="/home/macumba/php/apiAnalesCiencia/tests/Entity/UserTest.php" line="132" class="TDW\Test\ACiencia\Entity\UserTest" classname="TDW.Test.ACiencia.Entity.UserTest" assertions="2" time="0.000170"/>
        <testcase name="testRoles" file="/home/macumba/php/apiAnalesCiencia/tests/Entity/UserTest.php" line="85" class="TDW\Test\ACiencia\Entity\UserTest" classname="TDW.Test.ACiencia.Entity.UserTest" assertions="20" time="0.000165"/>
        <testcase name="testGetSetValidatePassword" file="/home/macumba/php/apiAnalesCiencia/tests/Entity/UserTest.php" line="123" class="TDW\Test\ACiencia\Entity\UserTest" classname="TDW.Test.ACiencia.Entity.UserTest" assertions="2" time="0.123730"/>
      </testsuite>
      <testsuite name="TDW\Test\ACiencia\Controller\Product\ProductRelationsControllerTest" file="/home/macumba/php/apiAnalesCiencia/tests/Controller/Product/ProductRelationsControllerTest.php" tests="28" assertions="143" errors="0" failures="0" skipped="0" time="0.893699">
        <testcase name="testOptionsRelationship204" file="/home/macumba/php/apiAnalesCiencia/tests/Controller/Product/ProductRelationsControllerTest.php" line="113" class="TDW\Test\ACiencia\Controller\Product\ProductRelationsControllerTest" classname="TDW.Test.ACiencia.Controller.Product.ProductRelationsControllerTest" assertions="6" time="0.004017"/>
        <testcase name="testGetEntitiesTag" file="/home/macumba/php/apiAnalesCiencia/tests/Controller/Product/ProductRelationsControllerTest.php" line="98" class="TDW\Test\ACiencia\Controller\Product\ProductRelationsControllerTest" classname="TDW.Test.ACiencia.Controller.Product.ProductRelationsControllerTest" assertions="1" time="0.000106"/>
        <testsuite name="TDW\Test\ACiencia\Controller\Product\ProductRelationsControllerTest::testProductRelationshipErrors" tests="18" assertions="108" errors="0" failures="0" skipped="0" time="0.671658">
          <testcase name="testProductRelationshipErrors with data set &quot;getEntities404&quot;" file="/home/macumba/php/apiAnalesCiencia/tests/Controller/Product/ProductRelationsControllerTest.php" line="327" class="TDW\Test\ACiencia\Controller\Product\ProductRelationsControllerTest" classname="TDW.Test.ACiencia.Controller.Product.ProductRelationsControllerTest" assertions="6" time="0.046917"/>
          <testcase name="testProductRelationshipErrors with data set &quot;putRemovePerson403&quot;" file="/home/macumba/php/apiAnalesCiencia/tests/Controller/Product/ProductRelationsControllerTest.php" line="327" class="TDW\Test\ACiencia\Controller\Product\ProductRelationsControllerTest" classname="TDW.Test.ACiencia.Controller.Product.ProductRelationsControllerTest" assertions="6" time="0.047142"/>
          <testcase name="testProductRelationshipErrors with data set &quot;putAddEntity403&quot;" file="/home/macumba/php/apiAnalesCiencia/tests/Controller/Product/ProductRelationsControllerTest.php" line="327" class="TDW\Test\ACiencia\Controller\Product\ProductRelationsControllerTest" classname="TDW.Test.ACiencia.Controller.Product.ProductRelationsControllerTest" assertions="6" time="0.047151"/>
          <testcase name="testProductRelationshipErrors with data set &quot;putAddEntity401&quot;" file="/home/macumba/php/apiAnalesCiencia/tests/Controller/Product/ProductRelationsControllerTest.php" line="327" class="TDW\Test\ACiencia\Controller\Product\ProductRelationsControllerTest" classname="TDW.Test.ACiencia.Controller.Product.ProductRelationsControllerTest" assertions="6" time="0.002524"/>
          <testcase name="testProductRelationshipErrors with data set &quot;putAddPerson403&quot;" file="/home/macumba/php/apiAnalesCiencia/tests/Controller/Product/ProductRelationsControllerTest.php" line="327" class="TDW\Test\ACiencia\Controller\Product\ProductRelationsControllerTest" classname="TDW.Test.ACiencia.Controller.Product.ProductRelationsControllerTest" assertions="6" time="0.047169"/>
          <testcase name="testProductRelationshipErrors with data set &quot;putAddEntity404&quot;" file="/home/macumba/php/apiAnalesCiencia/tests/Controller/Product/ProductRelationsControllerTest.php" line="327" class="TDW\Test\ACiencia\Controller\Product\ProductRelationsControllerTest" classname="TDW.Test.ACiencia.Controller.Product.ProductRelationsControllerTest" assertions="6" time="0.046934"/>
          <testcase name="testProductRelationshipErrors with data set &quot;putAddEntity406&quot;" file="/home/macumba/php/apiAnalesCiencia/tests/Controller/Product/ProductRelationsControllerTest.php" line="327" class="TDW\Test\ACiencia\Controller\Product\ProductRelationsControllerTest" classname="TDW.Test.ACiencia.Controller.Product.ProductRelationsControllerTest" assertions="6" time="0.047415"/>
          <testcase name="testProductRelationshipErrors with data set &quot;putAddPerson404&quot;" file="/home/macumba/php/apiAnalesCiencia/tests/Controller/Product/ProductRelationsControllerTest.php" line="327" class="TDW\Test\ACiencia\Controller\Product\ProductRelationsControllerTest" classname="TDW.Test.ACiencia.Controller.Product.ProductRelationsControllerTest" assertions="6" time="0.046897"/>
          <testcase name="testProductRelationshipErrors with data set &quot;putRemoveEntity401&quot;" file="/home/macumba/php/apiAnalesCiencia/tests/Controller/Product/ProductRelationsControllerTest.php" line="327" class="TDW\Test\ACiencia\Controller\Product\ProductRelationsControllerTest" classname="TDW.Test.ACiencia.Controller.Product.ProductRelationsControllerTest" assertions="6" time="0.002655"/>
          <testcase name="testProductRelationshipErrors with data set &quot;putAddPerson401&quot;" file="/home/macumba/php/apiAnalesCiencia/tests/Controller/Product/ProductRelationsControllerTest.php" line="327" class="TDW\Test\ACiencia\Controller\Product\ProductRelationsControllerTest" classname="TDW.Test.ACiencia.Controller.Product.ProductRelationsControllerTest" assertions="6" time="0.002209"/>
          <testcase name="testProductRelationshipErrors with data set &quot;putRemoveEntity403&quot;" file="/home/macumba/php/apiAnalesCiencia/tests/Controller/Product/ProductRelationsControllerTest.php" line="327" class="TDW\Test\ACiencia\Controller\Product\ProductRelationsControllerTest" classname="TDW.Test.ACiencia.Controller.Product.ProductRelationsControllerTest" assertions="6" time="0.046870"/>
          <testcase name="testProductRelationshipErrors with data set &quot;putRemovePerson406&quot;" file="/home/macumba/php/apiAnalesCiencia/tests/Controller/Product/ProductRelationsControllerTest.php" line="327" class="TDW\Test\ACiencia\Controller\Product\ProductRelationsControllerTest" classname="TDW.Test.ACiencia.Controller.Product.ProductRelationsControllerTest" assertions="6" time="0.049847"/>
          <testcase name="testProductRelationshipErrors with data set &quot;putAddPerson406&quot;" file="/home/macumba/php/apiAnalesCiencia/tests/Controller/Product/ProductRelationsControllerTest.php" line="327" class="TDW\Test\ACiencia\Controller\Product\ProductRelationsControllerTest" classname="TDW.Test.ACiencia.Controller.Product.ProductRelationsControllerTest" assertions="6" time="0.047412"/>
          <testcase name="testProductRelationshipErrors with data set &quot;putRemovePerson404&quot;" file="/home/macumba/php/apiAnalesCiencia/tests/Controller/Product/ProductRelationsControllerTest.php" line="327" class="TDW\Test\ACiencia\Controller\Product\ProductRelationsControllerTest" classname="TDW.Test.ACiencia.Controller.Product.ProductRelationsControllerTest" assertions="6" time="0.046878"/>
          <testcase name="testProductRelationshipErrors with data set &quot;putRemoveEntity406&quot;" file="/home/macumba/php/apiAnalesCiencia/tests/Controller/Product/ProductRelationsControllerTest.php" line="327" class="TDW\Test\ACiencia\Controller\Product\ProductRelationsControllerTest" classname="TDW.Test.ACiencia.Controller.Product.ProductRelationsControllerTest" assertions="6" time="0.047289"/>
          <testcase name="testProductRelationshipErrors with data set &quot;putRemovePerson401&quot;" file="/home/macumba/php/apiAnalesCiencia/tests/Controller/Product/ProductRelationsControllerTest.php" line="327" class="TDW\Test\ACiencia\Controller\Product\ProductRelationsControllerTest" classname="TDW.Test.ACiencia.Controller.Product.ProductRelationsControllerTest" assertions="6" time="0.002623"/>
          <testcase name="testProductRelationshipErrors with data set &quot;putRemoveEntity404&quot;" file="/home/macumba/php/apiAnalesCiencia/tests/Controller/Product/ProductRelationsControllerTest.php" line="327" class="TDW\Test\ACiencia\Controller\Product\ProductRelationsControllerTest" classname="TDW.Test.ACiencia.Controller.Product.ProductRelationsControllerTest" assertions="6" time="0.046878"/>
          <testcase name="testProductRelationshipErrors with data set &quot;getPersons404&quot;" file="/home/macumba/php/apiAnalesCiencia/tests/Controller/Product/ProductRelationsControllerTest.php" line="327" class="TDW\Test\ACiencia\Controller\Product\ProductRelationsControllerTest" classname="TDW.Test.ACiencia.Controller.Product.ProductRelationsControllerTest" assertions="6" time="0.046849"/>
        </testsuite>
        <testcase name="testAddEntity209" file="/home/macumba/php/apiAnalesCiencia/tests/Controller/Product/ProductRelationsControllerTest.php" line="136" class="TDW\Test\ACiencia\Controller\Product\ProductRelationsControllerTest" classname="TDW.Test.ACiencia.Controller.Product.ProductRelationsControllerTest" assertions="2" time="0.054231"/>
        <testcase name="testGetEntities200OkWithElements" file="/home/macumba/php/apiAnalesCiencia/tests/Controller/Product/ProductRelationsControllerTest.php" line="157" class="TDW\Test\ACiencia\Controller\Product\ProductRelationsControllerTest" classname="TDW.Test.ACiencia.Controller.Product.ProductRelationsControllerTest" assertions="4" time="0.046916"/>
        <testcase name="testRemoveEntity209" file="/home/macumba/php/apiAnalesCiencia/tests/Controller/Product/ProductRelationsControllerTest.php" line="184" class="TDW\Test\ACiencia\Controller\Product\ProductRelationsControllerTest" classname="TDW.Test.ACiencia.Controller.Product.ProductRelationsControllerTest" assertions="4" time="0.006556"/>
        <testcase name="testGetEntities200OkEmpty" file="/home/macumba/php/apiAnalesCiencia/tests/Controller/Product/ProductRelationsControllerTest.php" line="208" class="TDW\Test\ACiencia\Controller\Product\ProductRelationsControllerTest" classname="TDW.Test.ACiencia.Controller.Product.ProductRelationsControllerTest" assertions="4" time="0.001148"/>
        <testcase name="testAddPerson209" file="/home/macumba/php/apiAnalesCiencia/tests/Controller/Product/ProductRelationsControllerTest.php" line="230" class="TDW\Test\ACiencia\Controller\Product\ProductRelationsControllerTest" classname="TDW.Test.ACiencia.Controller.Product.ProductRelationsControllerTest" assertions="2" time="0.051934"/>
        <testcase name="testGetPersons200OkWithElements" file="/home/macumba/php/apiAnalesCiencia/tests/Controller/Product/ProductRelationsControllerTest.php" line="251" class="TDW\Test\ACiencia\Controller\Product\ProductRelationsControllerTest" classname="TDW.Test.ACiencia.Controller.Product.ProductRelationsControllerTest" assertions="4" time="0.050090"/>
        <testcase name="testRemovePerson209" file="/home/macumba/php/apiAnalesCiencia/tests/Controller/Product/ProductRelationsControllerTest.php" line="278" class="TDW\Test\ACiencia\Controller\Product\ProductRelationsControllerTest" classname="TDW.Test.ACiencia.Controller.Product.ProductRelationsControllerTest" assertions="4" time="0.005892"/>
        <testcase name="testGetPersons200OkEmpty" file="/home/macumba/php/apiAnalesCiencia/tests/Controller/Product/ProductRelationsControllerTest.php" line="302" class="TDW\Test\ACiencia\Controller\Product\ProductRelationsControllerTest" classname="TDW.Test.ACiencia.Controller.Product.ProductRelationsControllerTest" assertions="4" time="0.001150"/>
      </testsuite>
      <testsuite name="TDW\Test\ACiencia\Controller\Association\AssociationRelationsControllerTest" file="/home/macumba/php/apiAnalesCiencia/tests/Controller/Association/AssociationRelationsControllerTest.php" tests="15" assertions="75" errors="0" failures="0" skipped="0" time="0.446174">
        <testsuite name="TDW\Test\ACiencia\Controller\Association\AssociationRelationsControllerTest::testAssociationRelationshipErrors" tests="9" assertions="54" errors="0" failures="0" skipped="0" time="0.336463">
          <testcase name="testAssociationRelationshipErrors with data set &quot;getEntities404&quot;" file="/home/macumba/php/apiAnalesCiencia/tests/Controller/Association/AssociationRelationsControllerTest.php" line="185" class="TDW\Test\ACiencia\Controller\Association\AssociationRelationsControllerTest" classname="TDW.Test.ACiencia.Controller.Association.AssociationRelationsControllerTest" assertions="6" time="0.046743"/>
          <testcase name="testAssociationRelationshipErrors with data set &quot;putRemoveEntity403&quot;" file="/home/macumba/php/apiAnalesCiencia/tests/Controller/Association/AssociationRelationsControllerTest.php" line="185" class="TDW\Test\ACiencia\Controller\Association\AssociationRelationsControllerTest" classname="TDW.Test.ACiencia.Controller.Association.AssociationRelationsControllerTest" assertions="6" time="0.046979"/>
          <testcase name="testAssociationRelationshipErrors with data set &quot;putRemoveEntity406&quot;" file="/home/macumba/php/apiAnalesCiencia/tests/Controller/Association/AssociationRelationsControllerTest.php" line="185" class="TDW\Test\ACiencia\Controller\Association\AssociationRelationsControllerTest" classname="TDW.Test.ACiencia.Controller.Association.AssociationRelationsControllerTest" assertions="6" time="0.047565"/>
          <testcase name="testAssociationRelationshipErrors with data set &quot;putRemoveEntity404&quot;" file="/home/macumba/php/apiAnalesCiencia/tests/Controller/Association/AssociationRelationsControllerTest.php" line="185" class="TDW\Test\ACiencia\Controller\Association\AssociationRelationsControllerTest" classname="TDW.Test.ACiencia.Controller.Association.AssociationRelationsControllerTest" assertions="6" time="0.046975"/>
          <testcase name="testAssociationRelationshipErrors with data set &quot;putAddEntity406&quot;" file="/home/macumba/php/apiAnalesCiencia/tests/Controller/Association/AssociationRelationsControllerTest.php" line="185" class="TDW\Test\ACiencia\Controller\Association\AssociationRelationsControllerTest" classname="TDW.Test.ACiencia.Controller.Association.AssociationRelationsControllerTest" assertions="6" time="0.047244"/>
          <testcase name="testAssociationRelationshipErrors with data set &quot;putRemoveEntity401&quot;" file="/home/macumba/php/apiAnalesCiencia/tests/Controller/Association/AssociationRelationsControllerTest.php" line="185" class="TDW\Test\ACiencia\Controller\Association\AssociationRelationsControllerTest" classname="TDW.Test.ACiencia.Controller.Association.AssociationRelationsControllerTest" assertions="6" time="0.002791"/>
          <testcase name="testAssociationRelationshipErrors with data set &quot;putAddEntity403&quot;" file="/home/macumba/php/apiAnalesCiencia/tests/Controller/Association/AssociationRelationsControllerTest.php" line="185" class="TDW\Test\ACiencia\Controller\Association\AssociationRelationsControllerTest" classname="TDW.Test.ACiencia.Controller.Association.AssociationRelationsControllerTest" assertions="6" time="0.046875"/>
          <testcase name="testAssociationRelationshipErrors with data set &quot;putAddEntity401&quot;" file="/home/macumba/php/apiAnalesCiencia/tests/Controller/Association/AssociationRelationsControllerTest.php" line="185" class="TDW\Test\ACiencia\Controller\Association\AssociationRelationsControllerTest" classname="TDW.Test.ACiencia.Controller.Association.AssociationRelationsControllerTest" assertions="6" time="0.002825"/>
          <testcase name="testAssociationRelationshipErrors with data set &quot;putAddEntity404&quot;" file="/home/macumba/php/apiAnalesCiencia/tests/Controller/Association/AssociationRelationsControllerTest.php" line="185" class="TDW\Test\ACiencia\Controller\Association\AssociationRelationsControllerTest" classname="TDW.Test.ACiencia.Controller.Association.AssociationRelationsControllerTest" assertions="6" time="0.048466"/>
        </testsuite>
        <testcase name="testOptionsRelationship204" file="/home/macumba/php/apiAnalesCiencia/tests/Controller/Association/AssociationRelationsControllerTest.php" line="82" class="TDW\Test\ACiencia\Controller\Association\AssociationRelationsControllerTest" classname="TDW.Test.ACiencia.Controller.Association.AssociationRelationsControllerTest" assertions="6" time="0.002199"/>
        <testcase name="testAddEntity209" file="/home/macumba/php/apiAnalesCiencia/tests/Controller/Association/AssociationRelationsControllerTest.php" line="102" class="TDW\Test\ACiencia\Controller\Association\AssociationRelationsControllerTest" classname="TDW.Test.ACiencia.Controller.Association.AssociationRelationsControllerTest" assertions="2" time="0.052922"/>
        <testcase name="testGetEntities200OkWithElements" file="/home/macumba/php/apiAnalesCiencia/tests/Controller/Association/AssociationRelationsControllerTest.php" line="120" class="TDW\Test\ACiencia\Controller\Association\AssociationRelationsControllerTest" classname="TDW.Test.ACiencia.Controller.Association.AssociationRelationsControllerTest" assertions="4" time="0.046837"/>
        <testcase name="testRemoveEntity209" file="/home/macumba/php/apiAnalesCiencia/tests/Controller/Association/AssociationRelationsControllerTest.php" line="144" class="TDW\Test\ACiencia\Controller\Association\AssociationRelationsControllerTest" classname="TDW.Test.ACiencia.Controller.Association.AssociationRelationsControllerTest" assertions="4" time="0.006525"/>
        <testcase name="testGetEntities200OkEmpty" file="/home/macumba/php/apiAnalesCiencia/tests/Controller/Association/AssociationRelationsControllerTest.php" line="162" class="TDW\Test\ACiencia\Controller\Association\AssociationRelationsControllerTest" classname="TDW.Test.ACiencia.Controller.Association.AssociationRelationsControllerTest" assertions="4" time="0.001116"/>
        <testcase name="testGetEntitiesTag" file="/home/macumba/php/apiAnalesCiencia/tests/Controller/Association/AssociationRelationsControllerTest.php" line="71" class="TDW\Test\ACiencia\Controller\Association\AssociationRelationsControllerTest" classname="TDW.Test.ACiencia.Controller.Association.AssociationRelationsControllerTest" assertions="1" time="0.000111"/>
      </testsuite>
      <testsuite name="TDW\Test\ACiencia\Controller\Entity\EntityRelationsControllerTest" file="/home/macumba/php/apiAnalesCiencia/tests/Controller/Entity/EntityRelationsControllerTest.php" tests="28" assertions="143" errors="0" failures="0" skipped="0" time="0.889024">
        <testsuite name="TDW\Test\ACiencia\Controller\Entity\EntityRelationsControllerTest::testEntityRelationshipErrors" tests="18" assertions="108" errors="0" failures="0" skipped="0" time="0.674641">
          <testcase name="testEntityRelationshipErrors with data set &quot;putRemoveProduct403&quot;" file="/home/macumba/php/apiAnalesCiencia/tests/Controller/Entity/EntityRelationsControllerTest.php" line="321" class="TDW\Test\ACiencia\Controller\Entity\EntityRelationsControllerTest" classname="TDW.Test.ACiencia.Controller.Entity.EntityRelationsControllerTest" assertions="6" time="0.047387"/>
          <testcase name="testEntityRelationshipErrors with data set &quot;putAddPerson403&quot;" file="/home/macumba/php/apiAnalesCiencia/tests/Controller/Entity/EntityRelationsControllerTest.php" line="321" class="TDW\Test\ACiencia\Controller\Entity\EntityRelationsControllerTest" classname="TDW.Test.ACiencia.Controller.Entity.EntityRelationsControllerTest" assertions="6" time="0.046815"/>
          <testcase name="testEntityRelationshipErrors with data set &quot;putRemoveProduct401&quot;" file="/home/macumba/php/apiAnalesCiencia/tests/Controller/Entity/EntityRelationsControllerTest.php" line="321" class="TDW\Test\ACiencia\Controller\Entity\EntityRelationsControllerTest" classname="TDW.Test.ACiencia.Controller.Entity.EntityRelationsControllerTest" assertions="6" time="0.002786"/>
          <testcase name="testEntityRelationshipErrors with data set &quot;putAddPerson404&quot;" file="/home/macumba/php/apiAnalesCiencia/tests/Controller/Entity/EntityRelationsControllerTest.php" line="321" class="TDW\Test\ACiencia\Controller\Entity\EntityRelationsControllerTest" classname="TDW.Test.ACiencia.Controller.Entity.EntityRelationsControllerTest" assertions="6" time="0.047376"/>
          <testcase name="testEntityRelationshipErrors with data set &quot;getProducts404&quot;" file="/home/macumba/php/apiAnalesCiencia/tests/Controller/Entity/EntityRelationsControllerTest.php" line="321" class="TDW\Test\ACiencia\Controller\Entity\EntityRelationsControllerTest" classname="TDW.Test.ACiencia.Controller.Entity.EntityRelationsControllerTest" assertions="6" time="0.047064"/>
          <testcase name="testEntityRelationshipErrors with data set &quot;putRemoveProduct404&quot;" file="/home/macumba/php/apiAnalesCiencia/tests/Controller/Entity/EntityRelationsControllerTest.php" line="321" class="TDW\Test\ACiencia\Controller\Entity\EntityRelationsControllerTest" classname="TDW.Test.ACiencia.Controller.Entity.EntityRelationsControllerTest" assertions="6" time="0.047024"/>
          <testcase name="testEntityRelationshipErrors with data set &quot;putAddProduct401&quot;" file="/home/macumba/php/apiAnalesCiencia/tests/Controller/Entity/EntityRelationsControllerTest.php" line="321" class="TDW\Test\ACiencia\Controller\Entity\EntityRelationsControllerTest" classname="TDW.Test.ACiencia.Controller.Entity.EntityRelationsControllerTest" assertions="6" time="0.004767"/>
          <testcase name="testEntityRelationshipErrors with data set &quot;putAddPerson401&quot;" file="/home/macumba/php/apiAnalesCiencia/tests/Controller/Entity/EntityRelationsControllerTest.php" line="321" class="TDW\Test\ACiencia\Controller\Entity\EntityRelationsControllerTest" classname="TDW.Test.ACiencia.Controller.Entity.EntityRelationsControllerTest" assertions="6" time="0.002074"/>
          <testcase name="testEntityRelationshipErrors with data set &quot;putAddProduct406&quot;" file="/home/macumba/php/apiAnalesCiencia/tests/Controller/Entity/EntityRelationsControllerTest.php" line="321" class="TDW\Test\ACiencia\Controller\Entity\EntityRelationsControllerTest" classname="TDW.Test.ACiencia.Controller.Entity.EntityRelationsControllerTest" assertions="6" time="0.047079"/>
          <testcase name="testEntityRelationshipErrors with data set &quot;putRemovePerson401&quot;" file="/home/macumba/php/apiAnalesCiencia/tests/Controller/Entity/EntityRelationsControllerTest.php" line="321" class="TDW\Test\ACiencia\Controller\Entity\EntityRelationsControllerTest" classname="TDW.Test.ACiencia.Controller.Entity.EntityRelationsControllerTest" assertions="6" time="0.002677"/>
          <testcase name="testEntityRelationshipErrors with data set &quot;putRemovePerson403&quot;" file="/home/macumba/php/apiAnalesCiencia/tests/Controller/Entity/EntityRelationsControllerTest.php" line="321" class="TDW\Test\ACiencia\Controller\Entity\EntityRelationsControllerTest" classname="TDW.Test.ACiencia.Controller.Entity.EntityRelationsControllerTest" assertions="6" time="0.047150"/>
          <testcase name="testEntityRelationshipErrors with data set &quot;putRemovePerson406&quot;" file="/home/macumba/php/apiAnalesCiencia/tests/Controller/Entity/EntityRelationsControllerTest.php" line="321" class="TDW\Test\ACiencia\Controller\Entity\EntityRelationsControllerTest" classname="TDW.Test.ACiencia.Controller.Entity.EntityRelationsControllerTest" assertions="6" time="0.047387"/>
          <testcase name="testEntityRelationshipErrors with data set &quot;putRemovePerson404&quot;" file="/home/macumba/php/apiAnalesCiencia/tests/Controller/Entity/EntityRelationsControllerTest.php" line="321" class="TDW\Test\ACiencia\Controller\Entity\EntityRelationsControllerTest" classname="TDW.Test.ACiencia.Controller.Entity.EntityRelationsControllerTest" assertions="6" time="0.047008"/>
          <testcase name="testEntityRelationshipErrors with data set &quot;putAddProduct403&quot;" file="/home/macumba/php/apiAnalesCiencia/tests/Controller/Entity/EntityRelationsControllerTest.php" line="321" class="TDW\Test\ACiencia\Controller\Entity\EntityRelationsControllerTest" classname="TDW.Test.ACiencia.Controller.Entity.EntityRelationsControllerTest" assertions="6" time="0.046944"/>
          <testcase name="testEntityRelationshipErrors with data set &quot;putAddPerson406&quot;" file="/home/macumba/php/apiAnalesCiencia/tests/Controller/Entity/EntityRelationsControllerTest.php" line="321" class="TDW\Test\ACiencia\Controller\Entity\EntityRelationsControllerTest" classname="TDW.Test.ACiencia.Controller.Entity.EntityRelationsControllerTest" assertions="6" time="0.047264"/>
          <testcase name="testEntityRelationshipErrors with data set &quot;putRemoveProduct406&quot;" file="/home/macumba/php/apiAnalesCiencia/tests/Controller/Entity/EntityRelationsControllerTest.php" line="321" class="TDW\Test\ACiencia\Controller\Entity\EntityRelationsControllerTest" classname="TDW.Test.ACiencia.Controller.Entity.EntityRelationsControllerTest" assertions="6" time="0.047235"/>
          <testcase name="testEntityRelationshipErrors with data set &quot;getPersons404&quot;" file="/home/macumba/php/apiAnalesCiencia/tests/Controller/Entity/EntityRelationsControllerTest.php" line="321" class="TDW\Test\ACiencia\Controller\Entity\EntityRelationsControllerTest" classname="TDW.Test.ACiencia.Controller.Entity.EntityRelationsControllerTest" assertions="6" time="0.047609"/>
          <testcase name="testEntityRelationshipErrors with data set &quot;putAddProduct404&quot;" file="/home/macumba/php/apiAnalesCiencia/tests/Controller/Entity/EntityRelationsControllerTest.php" line="321" class="TDW\Test\ACiencia\Controller\Entity\EntityRelationsControllerTest" classname="TDW.Test.ACiencia.Controller.Entity.EntityRelationsControllerTest" assertions="6" time="0.048995"/>
        </testsuite>
        <testcase name="testOptionsRelationship204" file="/home/macumba/php/apiAnalesCiencia/tests/Controller/Entity/EntityRelationsControllerTest.php" line="113" class="TDW\Test\ACiencia\Controller\Entity\EntityRelationsControllerTest" classname="TDW.Test.ACiencia.Controller.Entity.EntityRelationsControllerTest" assertions="6" time="0.001880"/>
        <testcase name="testAddPerson209" file="/home/macumba/php/apiAnalesCiencia/tests/Controller/Entity/EntityRelationsControllerTest.php" line="136" class="TDW\Test\ACiencia\Controller\Entity\EntityRelationsControllerTest" classname="TDW.Test.ACiencia.Controller.Entity.EntityRelationsControllerTest" assertions="2" time="0.053670"/>
        <testcase name="testGetPersons200OkWithElements" file="/home/macumba/php/apiAnalesCiencia/tests/Controller/Entity/EntityRelationsControllerTest.php" line="156" class="TDW\Test\ACiencia\Controller\Entity\EntityRelationsControllerTest" classname="TDW.Test.ACiencia.Controller.Entity.EntityRelationsControllerTest" assertions="4" time="0.046645"/>
        <testcase name="testRemovePerson209" file="/home/macumba/php/apiAnalesCiencia/tests/Controller/Entity/EntityRelationsControllerTest.php" line="182" class="TDW\Test\ACiencia\Controller\Entity\EntityRelationsControllerTest" classname="TDW.Test.ACiencia.Controller.Entity.EntityRelationsControllerTest" assertions="4" time="0.005943"/>
        <testcase name="testGetPersons200OkEmpty" file="/home/macumba/php/apiAnalesCiencia/tests/Controller/Entity/EntityRelationsControllerTest.php" line="205" class="TDW\Test\ACiencia\Controller\Entity\EntityRelationsControllerTest" classname="TDW.Test.ACiencia.Controller.Entity.EntityRelationsControllerTest" assertions="4" time="0.001275"/>
        <testcase name="testAddProduct209" file="/home/macumba/php/apiAnalesCiencia/tests/Controller/Entity/EntityRelationsControllerTest.php" line="227" class="TDW\Test\ACiencia\Controller\Entity\EntityRelationsControllerTest" classname="TDW.Test.ACiencia.Controller.Entity.EntityRelationsControllerTest" assertions="2" time="0.050832"/>
        <testcase name="testGetProducts200OkWithElements" file="/home/macumba/php/apiAnalesCiencia/tests/Controller/Entity/EntityRelationsControllerTest.php" line="247" class="TDW\Test\ACiencia\Controller\Entity\EntityRelationsControllerTest" classname="TDW.Test.ACiencia.Controller.Entity.EntityRelationsControllerTest" assertions="4" time="0.046788"/>
        <testcase name="testRemoveProduct209" file="/home/macumba/php/apiAnalesCiencia/tests/Controller/Entity/EntityRelationsControllerTest.php" line="273" class="TDW\Test\ACiencia\Controller\Entity\EntityRelationsControllerTest" classname="TDW.Test.ACiencia.Controller.Entity.EntityRelationsControllerTest" assertions="4" time="0.005934"/>
        <testcase name="testGetEntitiesTag" file="/home/macumba/php/apiAnalesCiencia/tests/Controller/Entity/EntityRelationsControllerTest.php" line="98" class="TDW\Test\ACiencia\Controller\Entity\EntityRelationsControllerTest" classname="TDW.Test.ACiencia.Controller.Entity.EntityRelationsControllerTest" assertions="1" time="0.000157"/>
        <testcase name="testGetProducts200OkEmpty" file="/home/macumba/php/apiAnalesCiencia/tests/Controller/Entity/EntityRelationsControllerTest.php" line="296" class="TDW\Test\ACiencia\Controller\Entity\EntityRelationsControllerTest" classname="TDW.Test.ACiencia.Controller.Entity.EntityRelationsControllerTest" assertions="4" time="0.001259"/>
      </testsuite>
      <testsuite name="TDW\Test\ACiencia\Controller\Product\ProductControllerTest" file="/home/macumba/php/apiAnalesCiencia/tests/Controller/Product/ProductControllerTest.php" tests="24" assertions="131" errors="0" failures="0" skipped="0" time="0.242460">
        <testcase name="testOptionsProduct204NoContent" file="/home/macumba/php/apiAnalesCiencia/tests/Controller/Product/ProductControllerTest.php" line="396" class="TDW\Test\ACiencia\Controller\Product\ProductControllerTest" classname="TDW.Test.ACiencia.Controller.Product.ProductControllerTest" assertions="6" time="0.002311"/>
        <testsuite name="TDW\Test\ACiencia\Controller\Product\ProductControllerTest::testProductStatus403Forbidden" tests="3" assertions="18" errors="0" failures="0" skipped="0" time="0.144190">
          <testcase name="testProductStatus403Forbidden with data set &quot;putAction403&quot;" file="/home/macumba/php/apiAnalesCiencia/tests/Controller/Product/ProductControllerTest.php" line="514" class="TDW\Test\ACiencia\Controller\Product\ProductControllerTest" classname="TDW.Test.ACiencia.Controller.Product.ProductControllerTest" assertions="6" time="0.047645"/>
          <testcase name="testProductStatus403Forbidden with data set &quot;postAction403&quot;" file="/home/macumba/php/apiAnalesCiencia/tests/Controller/Product/ProductControllerTest.php" line="514" class="TDW\Test\ACiencia\Controller\Product\ProductControllerTest" classname="TDW.Test.ACiencia.Controller.Product.ProductControllerTest" assertions="6" time="0.047451"/>
          <testcase name="testProductStatus403Forbidden with data set &quot;deleteAction403&quot;" file="/home/macumba/php/apiAnalesCiencia/tests/Controller/Product/ProductControllerTest.php" line="514" class="TDW\Test\ACiencia\Controller\Product\ProductControllerTest" classname="TDW.Test.ACiencia.Controller.Product.ProductControllerTest" assertions="6" time="0.049094"/>
        </testsuite>
        <testsuite name="TDW\Test\ACiencia\Controller\Product\ProductControllerTest::testProductStatus401Unauthorized" tests="3" assertions="18" errors="0" failures="0" skipped="0" time="0.004324">
          <testcase name="testProductStatus401Unauthorized with data set &quot;deleteAction401&quot;" file="/home/macumba/php/apiAnalesCiencia/tests/Controller/Product/ProductControllerTest.php" line="493" class="TDW\Test\ACiencia\Controller\Product\ProductControllerTest" classname="TDW.Test.ACiencia.Controller.Product.ProductControllerTest" assertions="6" time="0.001277"/>
          <testcase name="testProductStatus401Unauthorized with data set &quot;postAction401&quot;" file="/home/macumba/php/apiAnalesCiencia/tests/Controller/Product/ProductControllerTest.php" line="493" class="TDW\Test\ACiencia\Controller\Product\ProductControllerTest" classname="TDW.Test.ACiencia.Controller.Product.ProductControllerTest" assertions="6" time="0.001804"/>
          <testcase name="testProductStatus401Unauthorized with data set &quot;putAction401&quot;" file="/home/macumba/php/apiAnalesCiencia/tests/Controller/Product/ProductControllerTest.php" line="493" class="TDW\Test\ACiencia\Controller\Product\ProductControllerTest" classname="TDW.Test.ACiencia.Controller.Product.ProductControllerTest" assertions="6" time="0.001243"/>
        </testsuite>
        <testcase name="testCGetProducts404NotFound" file="/home/macumba/php/apiAnalesCiencia/tests/Controller/Product/ProductControllerTest.php" line="78" class="TDW\Test\ACiencia\Controller\Product\ProductControllerTest" classname="TDW.Test.ACiencia.Controller.Product.ProductControllerTest" assertions="6" time="0.047071"/>
        <testcase name="testPostProduct201Created" file="/home/macumba/php/apiAnalesCiencia/tests/Controller/Product/ProductControllerTest.php" line="98" class="TDW\Test\ACiencia\Controller\Product\ProductControllerTest" classname="TDW.Test.ACiencia.Controller.Product.ProductControllerTest" assertions="10" time="0.007942"/>
        <testcase name="testCGetProducts200Ok" file="/home/macumba/php/apiAnalesCiencia/tests/Controller/Product/ProductControllerTest.php" line="181" class="TDW\Test\ACiencia\Controller\Product\ProductControllerTest" classname="TDW.Test.ACiencia.Controller.Product.ProductControllerTest" assertions="6" time="0.001424"/>
        <testcase name="testCGetProducts304NotModified" file="/home/macumba/php/apiAnalesCiencia/tests/Controller/Product/ProductControllerTest.php" line="208" class="TDW\Test\ACiencia\Controller\Product\ProductControllerTest" classname="TDW.Test.ACiencia.Controller.Product.ProductControllerTest" assertions="1" time="0.001254"/>
        <testcase name="testPostProduct422UnprocessableEntity" file="/home/macumba/php/apiAnalesCiencia/tests/Controller/Product/ProductControllerTest.php" line="134" class="TDW\Test\ACiencia\Controller\Product\ProductControllerTest" classname="TDW.Test.ACiencia.Controller.Product.ProductControllerTest" assertions="6" time="0.001637"/>
[...]
        <testcase name="testDeletePerson204NoContent" file="/home/macumba/php/apiAnalesCiencia/tests/Controller/Person/PersonControllerTest.php" line="426" class="TDW\Test\ACiencia\Controller\Person\PersonControllerTest" classname="TDW.Test.ACiencia.Controller.Person.PersonControllerTest" assertions="2" time="0.005300"/>
        <testsuite name="TDW\Test\ACiencia\Controller\Person\PersonControllerTest::testPersonStatus404NotFound" tests="3" assertions="18" errors="0" failures="0" skipped="0" time="0.005550">
          <testcase name="testPersonStatus404NotFound with data set &quot;getAction404&quot;" file="/home/macumba/php/apiAnalesCiencia/tests/Controller/Person/PersonControllerTest.php" line="467" class="TDW\Test\ACiencia\Controller\Person\PersonControllerTest" classname="TDW.Test.ACiencia.Controller.Person.PersonControllerTest" assertions="6" time="0.001484"/>
          <testcase name="testPersonStatus404NotFound with data set &quot;putAction404&quot;" file="/home/macumba/php/apiAnalesCiencia/tests/Controller/Person/PersonControllerTest.php" line="467" class="TDW\Test\ACiencia\Controller\Person\PersonControllerTest" classname="TDW.Test.ACiencia.Controller.Person.PersonControllerTest" assertions="6" time="0.002136"/>
          <testcase name="testPersonStatus404NotFound with data set &quot;deleteAction404&quot;" file="/home/macumba/php/apiAnalesCiencia/tests/Controller/Person/PersonControllerTest.php" line="467" class="TDW\Test\ACiencia\Controller\Person\PersonControllerTest" classname="TDW.Test.ACiencia.Controller.Person.PersonControllerTest" assertions="6" time="0.001930"/>
        </testsuite>
        <testcase name="testGetPersonname404NotFound" file="/home/macumba/php/apiAnalesCiencia/tests/Controller/Person/PersonControllerTest.php" line="447" class="TDW\Test\ACiencia\Controller\Person\PersonControllerTest" classname="TDW.Test.ACiencia.Controller.Person.PersonControllerTest" assertions="6" time="0.001231"/>
      </testsuite>
      <testsuite name="TDW\Test\ACiencia\Entity\PersonTest" file="/home/macumba/php/apiAnalesCiencia/tests/Entity/PersonTest.php" tests="11" assertions="31" errors="0" failures="0" skipped="0" time="0.001093">
        <testcase name="testGetSetWikiUrl" file="/home/macumba/php/apiAnalesCiencia/tests/Entity/PersonTest.php" line="106" class="TDW\Test\ACiencia\Entity\PersonTest" classname="TDW.Test.ACiencia.Entity.PersonTest" assertions="1" time="0.000134"/>
        <testcase name="testGetId" file="/home/macumba/php/apiAnalesCiencia/tests/Entity/PersonTest.php" line="60" class="TDW\Test\ACiencia\Entity\PersonTest" classname="TDW.Test.ACiencia.Entity.PersonTest" assertions="1" time="0.000079"/>
        <testcase name="testGetAddContainsRemoveEntities" file="/home/macumba/php/apiAnalesCiencia/tests/Entity/PersonTest.php" line="116" class="TDW\Test\ACiencia\Entity\PersonTest" classname="TDW.Test.ACiencia.Entity.PersonTest" assertions="7" time="0.000112"/>
        <testcase name="testGetAddContainsRemoveProducts" file="/home/macumba/php/apiAnalesCiencia/tests/Entity/PersonTest.php" line="133" class="TDW\Test\ACiencia\Entity\PersonTest" classname="TDW.Test.ACiencia.Entity.PersonTest" assertions="7" time="0.000098"/>
        <testcase name="testJsonSerialize" file="/home/macumba/php/apiAnalesCiencia/tests/Entity/PersonTest.php" line="173" class="TDW\Test\ACiencia\Entity\PersonTest" classname="TDW.Test.ACiencia.Entity.PersonTest" assertions="1" time="0.000086"/>
        <testcase name="testGetSetBirthDate" file="/home/macumba/php/apiAnalesCiencia/tests/Entity/PersonTest.php" line="76" class="TDW\Test\ACiencia\Entity\PersonTest" classname="TDW.Test.ACiencia.Entity.PersonTest" assertions="1" time="0.000086"/>
        <testcase name="testToString" file="/home/macumba/php/apiAnalesCiencia/tests/Entity/PersonTest.php" line="150" class="TDW\Test\ACiencia\Entity\PersonTest" classname="TDW.Test.ACiencia.Entity.PersonTest" assertions="4" time="0.000117"/>
        <testcase name="testConstructor" file="/home/macumba/php/apiAnalesCiencia/tests/Entity/PersonTest.php" line="46" class="TDW\Test\ACiencia\Entity\PersonTest" classname="TDW.Test.ACiencia.Entity.PersonTest" assertions="5" time="0.000112"/>
        <testcase name="testGetSetPersonName" file="/home/macumba/php/apiAnalesCiencia/tests/Entity/PersonTest.php" line="65" class="TDW\Test\ACiencia\Entity\PersonTest" classname="TDW.Test.ACiencia.Entity.PersonTest" assertions="2" time="0.000087"/>
        <testcase name="testGetSetImageUrl" file="/home/macumba/php/apiAnalesCiencia/tests/Entity/PersonTest.php" line="96" class="TDW\Test\ACiencia\Entity\PersonTest" classname="TDW.Test.ACiencia.Entity.PersonTest" assertions="1" time="0.000093"/>
        <testcase name="testGetSetDeathDate" file="/home/macumba/php/apiAnalesCiencia/tests/Entity/PersonTest.php" line="86" class="TDW\Test\ACiencia\Entity\PersonTest" classname="TDW.Test.ACiencia.Entity.PersonTest" assertions="1" time="0.000088"/>
      </testsuite>
      <testsuite name="TDW\Test\ACiencia\Entity\ProductTest" file="/home/macumba/php/apiAnalesCiencia/tests/Entity/ProductTest.php" tests="11" assertions="31" errors="0" failures="0" skipped="0" time="0.001188">
        <testcase name="testToString" file="/home/macumba/php/apiAnalesCiencia/tests/Entity/ProductTest.php" line="153" class="TDW\Test\ACiencia\Entity\ProductTest" classname="TDW.Test.ACiencia.Entity.ProductTest" assertions="4" time="0.000198"/>
        <testcase name="testGetSetDeathDate" file="/home/macumba/php/apiAnalesCiencia/tests/Entity/ProductTest.php" line="87" class="TDW\Test\ACiencia\Entity\ProductTest" classname="TDW.Test.ACiencia.Entity.ProductTest" assertions="1" time="0.000106"/>
        <testcase name="testGetAddContainsRemovePersons" file="/home/macumba/php/apiAnalesCiencia/tests/Entity/ProductTest.php" line="135" class="TDW\Test\ACiencia\Entity\ProductTest" classname="TDW.Test.ACiencia.Entity.ProductTest" assertions="7" time="0.000127"/>
        <testcase name="testGetSetWikiUrl" file="/home/macumba/php/apiAnalesCiencia/tests/Entity/ProductTest.php" line="107" class="TDW\Test\ACiencia\Entity\ProductTest" classname="TDW.Test.ACiencia.Entity.ProductTest" assertions="1" time="0.000112"/>
        <testcase name="testGetAddContainsRemoveEntities" file="/home/macumba/php/apiAnalesCiencia/tests/Entity/ProductTest.php" line="117" class="TDW\Test\ACiencia\Entity\ProductTest" classname="TDW.Test.ACiencia.Entity.ProductTest" assertions="7" time="0.000119"/>
        <testcase name="testJsonSerialize" file="/home/macumba/php/apiAnalesCiencia/tests/Entity/ProductTest.php" line="176" class="TDW\Test\ACiencia\Entity\ProductTest" classname="TDW.Test.ACiencia.Entity.ProductTest" assertions="1" time="0.000099"/>
        <testcase name="testGetSetImageUrl" file="/home/macumba/php/apiAnalesCiencia/tests/Entity/ProductTest.php" line="97" class="TDW\Test\ACiencia\Entity\ProductTest" classname="TDW.Test.ACiencia.Entity.ProductTest" assertions="1" time="0.000091"/>
        <testcase name="testGetSetBirthDate" file="/home/macumba/php/apiAnalesCiencia/tests/Entity/ProductTest.php" line="77" class="TDW\Test\ACiencia\Entity\ProductTest" classname="TDW.Test.ACiencia.Entity.ProductTest" assertions="1" time="0.000077"/>
        <testcase name="testGetSetProductName" file="/home/macumba/php/apiAnalesCiencia/tests/Entity/ProductTest.php" line="66" class="TDW\Test\ACiencia\Entity\ProductTest" classname="TDW.Test.ACiencia.Entity.ProductTest" assertions="2" time="0.000081"/>
        <testcase name="testGetId" file="/home/macumba/php/apiAnalesCiencia/tests/Entity/ProductTest.php" line="61" class="TDW\Test\ACiencia\Entity\ProductTest" classname="TDW.Test.ACiencia.Entity.ProductTest" assertions="1" time="0.000069"/>
        <testcase name="testConstructor" file="/home/macumba/php/apiAnalesCiencia/tests/Entity/ProductTest.php" line="47" class="TDW\Test\ACiencia\Entity\ProductTest" classname="TDW.Test.ACiencia.Entity.ProductTest" assertions="5" time="0.000108"/>
      </testsuite>
      <testsuite name="TDW\Test\ACiencia\Controller\Association\AssociationControllerTest" file="/home/macumba/php/apiAnalesCiencia/tests/Controller/Association/AssociationControllerTest.php" tests="22" assertions="96" errors="0" failures="0" skipped="0" time="0.791324">
        <testsuite name="TDW\Test\ACiencia\Controller\Association\AssociationControllerTest::testAssociationRelationshipErrors" tests="9" assertions="54" errors="0" failures="0" skipped="0" time="0.337788">
          <testcase name="testAssociationRelationshipErrors with data set &quot;putAddEntity403&quot;" file="/home/macumba/php/apiAnalesCiencia/tests/Controller/Association/AssociationControllerTest.php" line="386" class="TDW\Test\ACiencia\Controller\Association\AssociationControllerTest" classname="TDW.Test.ACiencia.Controller.Association.AssociationControllerTest" assertions="6" time="0.047216"/>
          <testcase name="testAssociationRelationshipErrors with data set &quot;getEntities404&quot;" file="/home/macumba/php/apiAnalesCiencia/tests/Controller/Association/AssociationControllerTest.php" line="386" class="TDW\Test\ACiencia\Controller\Association\AssociationControllerTest" classname="TDW.Test.ACiencia.Controller.Association.AssociationControllerTest" assertions="6" time="0.046423"/>
          <testcase name="testAssociationRelationshipErrors with data set &quot;putRemoveEntity401&quot;" file="/home/macumba/php/apiAnalesCiencia/tests/Controller/Association/AssociationControllerTest.php" line="386" class="TDW\Test\ACiencia\Controller\Association\AssociationControllerTest" classname="TDW.Test.ACiencia.Controller.Association.AssociationControllerTest" assertions="6" time="0.003009"/>
          <testcase name="testAssociationRelationshipErrors with data set &quot;putRemoveEntity406&quot;" file="/home/macumba/php/apiAnalesCiencia/tests/Controller/Association/AssociationControllerTest.php" line="386" class="TDW\Test\ACiencia\Controller\Association\AssociationControllerTest" classname="TDW.Test.ACiencia.Controller.Association.AssociationControllerTest" assertions="6" time="0.047180"/>
          <testcase name="testAssociationRelationshipErrors with data set &quot;putAddEntity401&quot;" file="/home/macumba/php/apiAnalesCiencia/tests/Controller/Association/AssociationControllerTest.php" line="386" class="TDW\Test\ACiencia\Controller\Association\AssociationControllerTest" classname="TDW.Test.ACiencia.Controller.Association.AssociationControllerTest" assertions="6" time="0.004877"/>
          <testcase name="testAssociationRelationshipErrors with data set &quot;putAddEntity404&quot;" file="/home/macumba/php/apiAnalesCiencia/tests/Controller/Association/AssociationControllerTest.php" line="386" class="TDW\Test\ACiencia\Controller\Association\AssociationControllerTest" classname="TDW.Test.ACiencia.Controller.Association.AssociationControllerTest" assertions="6" time="0.046927"/>
          <testcase name="testAssociationRelationshipErrors with data set &quot;putRemoveEntity403&quot;" file="/home/macumba/php/apiAnalesCiencia/tests/Controller/Association/AssociationControllerTest.php" line="386" class="TDW\Test\ACiencia\Controller\Association\AssociationControllerTest" classname="TDW.Test.ACiencia.Controller.Association.AssociationControllerTest" assertions="6" time="0.046967"/>
          <testcase name="testAssociationRelationshipErrors with data set &quot;putRemoveEntity404&quot;" file="/home/macumba/php/apiAnalesCiencia/tests/Controller/Association/AssociationControllerTest.php" line="386" class="TDW\Test\ACiencia\Controller\Association\AssociationControllerTest" classname="TDW.Test.ACiencia.Controller.Association.AssociationControllerTest" assertions="6" time="0.047200"/>
          <testcase name="testAssociationRelationshipErrors with data set &quot;putAddEntity406&quot;" file="/home/macumba/php/apiAnalesCiencia/tests/Controller/Association/AssociationControllerTest.php" line="386" class="TDW\Test\ACiencia\Controller\Association\AssociationControllerTest" classname="TDW.Test.ACiencia.Controller.Association.AssociationControllerTest" assertions="6" time="0.047988"/>
        </testsuite>
        <testcase name="testOptionsAssociations204NoContent" file="/home/macumba/php/apiAnalesCiencia/tests/Controller/Association/AssociationControllerTest.php" line="171" class="TDW\Test\ACiencia\Controller\Association\AssociationControllerTest" classname="TDW.Test.ACiencia.Controller.Association.AssociationControllerTest" assertions="3" time="0.001347"/>
        <testcase name="testPostAssociation422UnprocessableEntity" file="/home/macumba/php/apiAnalesCiencia/tests/Controller/Association/AssociationControllerTest.php" line="134" class="TDW\Test\ACiencia\Controller\Association\AssociationControllerTest" classname="TDW.Test.ACiencia.Controller.Association.AssociationControllerTest" assertions="1" time="0.048397"/>
        <testcase name="testPostAssociation400BadRequest" file="/home/macumba/php/apiAnalesCiencia/tests/Controller/Association/AssociationControllerTest.php" line="152" class="TDW\Test\ACiencia\Controller\Association\AssociationControllerTest" classname="TDW.Test.ACiencia.Controller.Association.AssociationControllerTest" assertions="1" time="0.048133"/>
        <testcase name="testCGetAssociations200Ok" file="/home/macumba/php/apiAnalesCiencia/tests/Controller/Association/AssociationControllerTest.php" line="183" class="TDW\Test\ACiencia\Controller\Association\AssociationControllerTest" classname="TDW.Test.ACiencia.Controller.Association.AssociationControllerTest" assertions="3" time="0.047039"/>
        <testcase name="testAddEntity209" file="/home/macumba/php/apiAnalesCiencia/tests/Controller/Association/AssociationControllerTest.php" line="274" class="TDW\Test\ACiencia\Controller\Association\AssociationControllerTest" classname="TDW.Test.ACiencia.Controller.Association.AssociationControllerTest" assertions="2" time="0.054218"/>
        <testcase name="testGetAssociationEntities200OkWithElements" file="/home/macumba/php/apiAnalesCiencia/tests/Controller/Association/AssociationControllerTest.php" line="294" class="TDW\Test\ACiencia\Controller\Association\AssociationControllerTest" classname="TDW.Test.ACiencia.Controller.Association.AssociationControllerTest" assertions="4" time="0.046632"/>
        <testcase name="testRemoveEntity209" file="/home/macumba/php/apiAnalesCiencia/tests/Controller/Association/AssociationControllerTest.php" line="318" class="TDW\Test\ACiencia\Controller\Association\AssociationControllerTest" classname="TDW.Test.ACiencia.Controller.Association.AssociationControllerTest" assertions="5" time="0.006161"/>
        <testcase name="testGetAssociationEntities200OkEmpty" file="/home/macumba/php/apiAnalesCiencia/tests/Controller/Association/AssociationControllerTest.php" line="339" class="TDW\Test\ACiencia\Controller\Association\AssociationControllerTest" classname="TDW.Test.ACiencia.Controller.Association.AssociationControllerTest" assertions="4" time="0.001214"/>
        <testcase name="testCGetAssociations404NotFound" file="/home/macumba/php/apiAnalesCiencia/tests/Controller/Association/AssociationControllerTest.php" line="91" class="TDW\Test\ACiencia\Controller\Association\AssociationControllerTest" classname="TDW.Test.ACiencia.Controller.Association.AssociationControllerTest" assertions="1" time="0.003116"/>
        <testcase name="testPostAssociation201Created" file="/home/macumba/php/apiAnalesCiencia/tests/Controller/Association/AssociationControllerTest.php" line="106" class="TDW\Test\ACiencia\Controller\Association\AssociationControllerTest" classname="TDW.Test.ACiencia.Controller.Association.AssociationControllerTest" assertions="7" time="0.052017"/>
        <testcase name="testGetAssociation200Ok" file="/home/macumba/php/apiAnalesCiencia/tests/Controller/Association/AssociationControllerTest.php" line="204" class="TDW\Test\ACiencia\Controller\Association\AssociationControllerTest" classname="TDW.Test.ACiencia.Controller.Association.AssociationControllerTest" assertions="4" time="0.047035"/>
        <testcase name="testGetAssociation304NotModified" file="/home/macumba/php/apiAnalesCiencia/tests/Controller/Association/AssociationControllerTest.php" line="222" class="TDW\Test\ACiencia\Controller\Association\AssociationControllerTest" classname="TDW.Test.ACiencia.Controller.Association.AssociationControllerTest" assertions="1" time="0.046642"/>
        <testcase name="testPutAssociation209Updated" file="/home/macumba/php/apiAnalesCiencia/tests/Controller/Association/AssociationControllerTest.php" line="242" class="TDW\Test\ACiencia\Controller\Association\AssociationControllerTest" classname="TDW.Test.ACiencia.Controller.Association.AssociationControllerTest" assertions="6" time="0.051583"/>
      </testsuite>
      <testsuite name="TDW\Test\ACiencia\Entity\EntityTest" file="/home/macumba/php/apiAnalesCiencia/tests/Entity/EntityTest.php" tests="11" assertions="31" errors="0" failures="0" skipped="0" time="0.001478">
        <testcase name="testGetId" file="/home/macumba/php/apiAnalesCiencia/tests/Entity/EntityTest.php" line="62" class="TDW\Test\ACiencia\Entity\EntityTest" classname="TDW.Test.ACiencia.Entity.EntityTest" assertions="1" time="0.000178"/>
        <testcase name="testGetSetImageUrl" file="/home/macumba/php/apiAnalesCiencia/tests/Entity/EntityTest.php" line="98" class="TDW\Test\ACiencia\Entity\EntityTest" classname="TDW.Test.ACiencia.Entity.EntityTest" assertions="1" time="0.000175"/>
        <testcase name="testJsonSerialize" file="/home/macumba/php/apiAnalesCiencia/tests/Entity/EntityTest.php" line="178" class="TDW\Test\ACiencia\Entity\EntityTest" classname="TDW.Test.ACiencia.Entity.EntityTest" assertions="1" time="0.000152"/>
        <testcase name="testGetSetEntityName" file="/home/macumba/php/apiAnalesCiencia/tests/Entity/EntityTest.php" line="67" class="TDW\Test\ACiencia\Entity\EntityTest" classname="TDW.Test.ACiencia.Entity.EntityTest" assertions="1" time="0.000126"/>
        <testcase name="testGetSetBirthDate" file="/home/macumba/php/apiAnalesCiencia/tests/Entity/EntityTest.php" line="78" class="TDW\Test\ACiencia\Entity\EntityTest" classname="TDW.Test.ACiencia.Entity.EntityTest" assertions="1" time="0.000095"/>
        <testcase name="testGetAddContainsRemoveProducts" file="/home/macumba/php/apiAnalesCiencia/tests/Entity/EntityTest.php" line="136" class="TDW\Test\ACiencia\Entity\EntityTest" classname="TDW.Test.ACiencia.Entity.EntityTest" assertions="9" time="0.000150"/>
        <testcase name="testToString" file="/home/macumba/php/apiAnalesCiencia/tests/Entity/EntityTest.php" line="155" class="TDW\Test\ACiencia\Entity\EntityTest" classname="TDW.Test.ACiencia.Entity.EntityTest" assertions="3" time="0.000140"/>
        <testcase name="testGetSetDeathDate" file="/home/macumba/php/apiAnalesCiencia/tests/Entity/EntityTest.php" line="88" class="TDW\Test\ACiencia\Entity\EntityTest" classname="TDW.Test.ACiencia.Entity.EntityTest" assertions="1" time="0.000091"/>
        <testcase name="testGetAddContainsRemovePersons" file="/home/macumba/php/apiAnalesCiencia/tests/Entity/EntityTest.php" line="118" class="TDW\Test\ACiencia\Entity\EntityTest" classname="TDW.Test.ACiencia.Entity.EntityTest" assertions="7" time="0.000117"/>
        <testcase name="testConstructor" file="/home/macumba/php/apiAnalesCiencia/tests/Entity/EntityTest.php" line="48" class="TDW\Test\ACiencia\Entity\EntityTest" classname="TDW.Test.ACiencia.Entity.EntityTest" assertions="5" time="0.000116"/>
        <testcase name="testGetSetWikiUrl" file="/home/macumba/php/apiAnalesCiencia/tests/Entity/EntityTest.php" line="108" class="TDW\Test\ACiencia\Entity\EntityTest" classname="TDW.Test.ACiencia.Entity.EntityTest" assertions="1" time="0.000138"/>
      </testsuite>
    </testsuite>
  </testsuite>
</testsuites>
